[INFO] SLURM_JOB_TMP is: /local/slurmjobs/162983
[INFO] Using GPU: 0
[INFO] Staging archive to node SSD...
'/homes/nnebeling/thesis/precomputed_7G_2Chunk.zip' -> '/local/slurmjobs/162983/precomputed_7G_2Chunk.zip'
[INFO] Unpacking on SSD...
[OK] Unpacked. Top-level contents:
.
precomputed_7G_2Chunk
precomputed_7G_2Chunk/Chill House
precomputed_7G_2Chunk/Zyzz Music
precomputed_7G_2Chunk/Emotional Techno
precomputed_7G_2Chunk/Party House
precomputed_7G_2Chunk/Chiller vibe goa
precomputed_7G_2Chunk/Dark Techno
precomputed_7G_2Chunk/Party Goa
[INFO] Starting training...
2025-09-19 15:22:00,850 - __main__ - INFO - Loading configuration...
2025-09-19 15:22:00,853 - __main__ - INFO - set_float32_matmul_precision=high
2025-09-19 15:22:00,853 - __main__ - INFO - TF32: matmul=True, cudnn=True
2025-09-19 15:22:01,233 - __main__ - INFO - Experiment: Testing 2 chunks per track
2025-09-19 15:22:01,233 - __main__ - INFO - Description: Dataset size 2x6
2025-09-19 15:22:01,235 - __main__ - INFO - Random seeds set to 13
2025-09-19 15:22:01,235 - __main__ - INFO - Loading data splits...
2025-09-19 15:22:01,235 - __main__ - INFO - Generating train/test splits from preprocessed features
2025-09-19 15:22:01,235 - __main__ - INFO - Generating track-level splits to prevent data leakage...
2025-09-19 15:22:01,236 - __main__ - INFO - Subgenre Chill House: 81 tracks, 162 chunks total
2025-09-19 15:22:01,237 - __main__ - INFO - Subgenre Chiller vibe goa: 54 tracks, 108 chunks total
2025-09-19 15:22:01,238 - __main__ - INFO - Subgenre Dark Techno: 86 tracks, 172 chunks total
2025-09-19 15:22:01,239 - __main__ - INFO - Subgenre Emotional Techno: 75 tracks, 150 chunks total
2025-09-19 15:22:01,240 - __main__ - INFO - Subgenre Party Goa: 62 tracks, 124 chunks total
2025-09-19 15:22:01,241 - __main__ - INFO - Subgenre Party House: 69 tracks, 138 chunks total
2025-09-19 15:22:01,242 - __main__ - INFO - Subgenre Zyzz Music: 77 tracks, 154 chunks total
2025-09-19 15:22:01,242 - __main__ - INFO - Subgenre Chill House: 65 train tracks, 16 test tracks
2025-09-19 15:22:01,242 - __main__ - INFO - Subgenre Chiller vibe goa: 44 train tracks, 10 test tracks
2025-09-19 15:22:01,242 - __main__ - INFO - Subgenre Dark Techno: 69 train tracks, 17 test tracks
2025-09-19 15:22:01,242 - __main__ - INFO - Subgenre Emotional Techno: 60 train tracks, 15 test tracks
2025-09-19 15:22:01,242 - __main__ - INFO - Subgenre Party Goa: 50 train tracks, 12 test tracks
2025-09-19 15:22:01,242 - __main__ - INFO - Subgenre Party House: 56 train tracks, 13 test tracks
2025-09-19 15:22:01,243 - __main__ - INFO - Subgenre Zyzz Music: 62 train tracks, 15 test tracks
2025-09-19 15:22:01,243 - __main__ - INFO - Generating training triplets from train tracks...
2025-09-19 15:22:01,243 - __main__ - INFO - Train triplet generation config:
2025-09-19 15:22:01,243 - __main__ - INFO -   Max positive tracks per anchor: 2
2025-09-19 15:22:01,243 - __main__ - INFO -   Triplets per positive track: 6
2025-09-19 15:22:01,243 - __main__ - INFO -   Expected triplets per anchor: ~12
2025-09-19 15:22:01,244 - __main__ - INFO - Train - Subgenre Chill House: 520 triplets from 65 tracks
2025-09-19 15:22:01,245 - __main__ - INFO - Train - Subgenre Chiller vibe goa: 352 triplets from 44 tracks
2025-09-19 15:22:01,246 - __main__ - INFO - Train - Subgenre Dark Techno: 552 triplets from 69 tracks
2025-09-19 15:22:01,247 - __main__ - INFO - Train - Subgenre Emotional Techno: 480 triplets from 60 tracks
2025-09-19 15:22:01,248 - __main__ - INFO - Train - Subgenre Party Goa: 400 triplets from 50 tracks
2025-09-19 15:22:01,249 - __main__ - INFO - Train - Subgenre Party House: 448 triplets from 56 tracks
2025-09-19 15:22:01,250 - __main__ - INFO - Train - Subgenre Zyzz Music: 496 triplets from 62 tracks
2025-09-19 15:22:01,250 - __main__ - INFO - Generating test triplets from test tracks...
2025-09-19 15:22:01,250 - __main__ - INFO - Test triplet generation config:
2025-09-19 15:22:01,250 - __main__ - INFO -   Max positive tracks per anchor: 2
2025-09-19 15:22:01,250 - __main__ - INFO -   Triplets per positive track: 6
2025-09-19 15:22:01,250 - __main__ - INFO -   Expected triplets per anchor: ~12
2025-09-19 15:22:01,251 - __main__ - INFO - Test - Subgenre Chill House: 128 triplets from 16 tracks
2025-09-19 15:22:01,251 - __main__ - INFO - Test - Subgenre Chiller vibe goa: 80 triplets from 10 tracks
2025-09-19 15:22:01,251 - __main__ - INFO - Test - Subgenre Dark Techno: 136 triplets from 17 tracks
2025-09-19 15:22:01,251 - __main__ - INFO - Test - Subgenre Emotional Techno: 120 triplets from 15 tracks
2025-09-19 15:22:01,252 - __main__ - INFO - Test - Subgenre Party Goa: 96 triplets from 12 tracks
2025-09-19 15:22:01,252 - __main__ - INFO - Test - Subgenre Party House: 104 triplets from 13 tracks
2025-09-19 15:22:01,252 - __main__ - INFO - Test - Subgenre Zyzz Music: 120 triplets from 15 tracks
2025-09-19 15:22:01,252 - __main__ - INFO - ✓ NO DATA LEAKAGE: 406 unique train tracks, 98 unique test tracks
2025-09-19 15:22:01,252 - __main__ - INFO - Total: 3248 train triplets, 784 test triplets
2025-09-19 15:22:01,253 - __main__ - INFO - Creating datasets...
2025-09-19 15:22:01,291 - __main__ - INFO - Initialized dataset (train) with 3248 triplets (resample_train_samples=False)
2025-09-19 15:22:01,301 - __main__ - INFO - Initialized dataset (test) with 784 triplets (resample_train_samples=False)
2025-09-19 15:22:01,301 - __main__ - INFO - Initializing model...
2025-09-19 15:22:01,301 - __main__ - INFO - Using device: cuda
2025-09-19 15:22:01,301 - __main__ - INFO - Loading pretrained model: MIT/ast-finetuned-audioset-10-10-0.4593
2025-09-19 15:22:03,088 - __main__ - INFO - MLP Projection Head Architecture: 768 -> 512 -> 128
2025-09-19 15:22:03,088 - __main__ - INFO -   Activation: relu, Dropout: 0.15
2025-09-19 15:22:03,088 - __main__ - INFO -   Total parameters: 459,392
2025-09-19 15:22:03,088 - __main__ - INFO - Model initialized with projection to 128D
2025-09-19 15:22:03,088 - __main__ - INFO - Margin scheduling: 0.5 → 0.5 over 1 epochs
2025-09-19 15:22:03,088 - __main__ - INFO - Negative mining: none
2025-09-19 15:22:03,317 - __main__ - INFO - Using custom dual-group optimizer with sophisticated LR scheduling
2025-09-19 15:22:03,318 - lr_scheduler - INFO - Parameter groups created:
2025-09-19 15:22:03,318 - lr_scheduler - INFO -   Base parameters: 199 tensors
2025-09-19 15:22:03,318 - lr_scheduler - INFO -   Head parameters: 4 tensors
2025-09-19 15:22:03,318 - lr_scheduler - INFO - Dual group optimizer created:
2025-09-19 15:22:03,318 - lr_scheduler - INFO -   Base LR: 2.00e-05
2025-09-19 15:22:03,318 - lr_scheduler - INFO -   Head LR: 2.00e-05 (1.0x multiplier)
2025-09-19 15:22:03,318 - __main__ - INFO - Precision summary -> bf16=True, fp16=False, tf32=True
2025-09-19 15:22:03,344 - __main__ - INFO - Early stopping enabled: patience=3, min_delta=0.01, post_resample_grace=2
2025-09-19 15:22:03,344 - lr_scheduler - INFO - PyTorch LambdaLR scheduler created:
2025-09-19 15:22:03,344 - lr_scheduler - INFO -   Base LR: 2.00e-05
2025-09-19 15:22:03,344 - lr_scheduler - INFO -   Head LR multiplier: 1.0x
2025-09-19 15:22:03,344 - lr_scheduler - INFO -   Multiplier converges to 1.0 at epoch 1
2025-09-19 15:22:03,344 - lr_scheduler - INFO -   Warmup steps: 46 (10.0%)
2025-09-19 15:22:03,344 - lr_scheduler - INFO -   Total steps: 460
2025-09-19 15:22:03,344 - lr_scheduler - INFO -   Min LR: 1.00e-07
2025-09-19 15:22:03,344 - lr_scheduler - INFO -   Scheduler type: Linear
2025-09-19 15:22:03,344 - __main__ - INFO - PyTorch LambdaLR scheduler created with 460 total steps, 46 steps/epoch
2025-09-19 15:22:03,351 - __main__ - INFO - Training setup:
2025-09-19 15:22:03,351 - __main__ - INFO -   - Train samples: 3248
2025-09-19 15:22:03,351 - __main__ - INFO -   - Test samples: 784
2025-09-19 15:22:03,351 - __main__ - INFO -   - Batch size: 24
2025-09-19 15:22:03,351 - __main__ - INFO -   - Gradient accumulation: 3
2025-09-19 15:22:03,351 - __main__ - INFO -   - Effective batch size: 72
2025-09-19 15:22:03,351 - __main__ - INFO -   - Steps per epoch: 46
2025-09-19 15:22:03,351 - __main__ - INFO -   - Total epochs: 10
2025-09-19 15:22:03,351 - __main__ - INFO -   - Estimated total steps: 460
2025-09-19 15:22:03,351 - __main__ - INFO - Performing initial evaluation to establish baseline...
2025-09-19 15:22:16,577 - __main__ - INFO - Evaluation - Epoch 0, Step 0: eval_loss=0.4903, eval_accuracy=0.621, Elapsed: 0.0s
2025-09-19 15:22:16,577 - __main__ - INFO - Starting training...
2025-09-19 15:22:16,867 - __main__ - INFO - Using stratified batch sampling for training
2025-09-19 15:22:16,868 - __main__ - INFO - Stratified batching: 7 subgenres, 2 guaranteed per subgenre, 10 random slots per batch
2025-09-19 15:22:16,876 - __main__ - INFO - Training started at 2025-09-19 15:22:16
2025-09-19 15:22:16,876 - __main__ - INFO - Epoch 0: Using margin 0.500
{'eval_accuracy': 0.6211734693877551, 'eval_loss': 0.4903123378753662}
{'loss': 0.377, 'grad_norm': 1.0953059196472168, 'learning_rate': 2e-05, 'epoch': 1.0}
2025-09-19 15:24:52,694 - __main__ - INFO - Evaluation - Epoch 1.0, Step 46: eval_loss=0.2665, eval_accuracy=0.788, Elapsed: 2m 35.8s
2025-09-19 15:24:52,695 - __main__ - INFO - Epoch 1: Using margin 0.500
{'eval_accuracy': 0.7882653061224489, 'eval_loss': 0.26653966307640076, 'epoch': 1.0}
{'loss': 0.1374, 'grad_norm': 1.07675302028656, 'learning_rate': 1.7777777777777777e-05, 'epoch': 2.0}
2025-09-19 15:27:24,710 - __main__ - INFO - Evaluation - Epoch 2.0, Step 92: eval_loss=0.2176, eval_accuracy=0.814, Elapsed: 5m 7.8s
2025-09-19 15:27:24,711 - __main__ - INFO - Epoch 2: Using margin 0.500
{'eval_accuracy': 0.8137755102040817, 'eval_loss': 0.21758021414279938, 'epoch': 2.0}
{'loss': 0.0708, 'grad_norm': 0.6807563304901123, 'learning_rate': 1.555555555555556e-05, 'epoch': 3.0}
2025-09-19 15:29:56,517 - __main__ - INFO - Evaluation - Epoch 3.0, Step 138: eval_loss=0.1966, eval_accuracy=0.832, Elapsed: 7m 39.6s
2025-09-19 15:29:56,518 - __main__ - INFO - Epoch 3: Using margin 0.500
{'eval_accuracy': 0.8316326530612245, 'eval_loss': 0.19660919904708862, 'epoch': 3.0}
{'loss': 0.0437, 'grad_norm': 0.5918156504631042, 'learning_rate': 1.3333333333333337e-05, 'epoch': 4.0}
2025-09-19 15:32:28,017 - __main__ - INFO - Evaluation - Epoch 4.0, Step 184: eval_loss=0.2025, eval_accuracy=0.828, Elapsed: 10m 11.1s
2025-09-19 15:32:28,017 - __main__ - INFO - Epoch 4: Using margin 0.500
{'eval_accuracy': 0.8278061224489796, 'eval_loss': 0.2024538815021515, 'epoch': 4.0}
{'loss': 0.032, 'grad_norm': 0.3892563581466675, 'learning_rate': 1.1111111111111113e-05, 'epoch': 5.0}
2025-09-19 15:34:59,397 - __main__ - INFO - Evaluation - Epoch 5.0, Step 230: eval_loss=0.2061, eval_accuracy=0.821, Elapsed: 12m 42.5s
2025-09-19 15:34:59,397 - __main__ - INFO - Epoch 5: Using margin 0.500
{'eval_accuracy': 0.8214285714285714, 'eval_loss': 0.2060706913471222, 'epoch': 5.0}
{'loss': 0.0223, 'grad_norm': 0.4755983054637909, 'learning_rate': 8.888888888888888e-06, 'epoch': 6.0}
2025-09-19 15:37:30,723 - __main__ - INFO - Evaluation - Epoch 6.0, Step 276: eval_loss=0.2064, eval_accuracy=0.823, Elapsed: 15m 13.8s
2025-09-19 15:37:30,724 - __main__ - INFO - Epoch 6: Using margin 0.500
{'eval_accuracy': 0.8227040816326531, 'eval_loss': 0.20638318359851837, 'epoch': 6.0}
{'loss': 0.0173, 'grad_norm': 0.0, 'learning_rate': 6.666666666666668e-06, 'epoch': 7.0}
2025-09-19 15:40:01,711 - __main__ - INFO - Evaluation - Epoch 7.0, Step 322: eval_loss=0.2083, eval_accuracy=0.828, Elapsed: 17m 44.8s
2025-09-19 15:40:01,711 - __main__ - INFO - Epoch 7: Using margin 0.500
{'eval_accuracy': 0.8278061224489796, 'eval_loss': 0.2082710862159729, 'epoch': 7.0}
{'loss': 0.0114, 'grad_norm': 0.1906234472990036, 'learning_rate': 4.444444444444444e-06, 'epoch': 8.0}
2025-09-19 15:42:33,324 - __main__ - INFO - Evaluation - Epoch 8.0, Step 368: eval_loss=0.2077, eval_accuracy=0.827, Elapsed: 20m 16.4s
2025-09-19 15:42:33,325 - __main__ - INFO - Epoch 8: Using margin 0.500
{'eval_accuracy': 0.826530612244898, 'eval_loss': 0.20771338045597076, 'epoch': 8.0}
{'loss': 0.0082, 'grad_norm': 0.5630122423171997, 'learning_rate': 2.2222222222222233e-06, 'epoch': 9.0}
2025-09-19 15:45:04,647 - __main__ - INFO - Evaluation - Epoch 9.0, Step 414: eval_loss=0.2087, eval_accuracy=0.833, Elapsed: 22m 47.8s
2025-09-19 15:45:04,648 - __main__ - INFO - Epoch 9: Using margin 0.500
{'eval_accuracy': 0.8329081632653061, 'eval_loss': 0.20867979526519775, 'epoch': 9.0}
{'loss': 0.006, 'grad_norm': 0.5463021397590637, 'learning_rate': 4.830917874396135e-07, 'epoch': 9.794117647058824}
2025-09-19 15:47:07,782 - __main__ - INFO - Evaluation - Epoch 9.794117647058824, Step 450: eval_loss=0.2096, eval_accuracy=0.829, Elapsed: 24m 50.9s
2025-09-19 15:47:07,785 - __main__ - INFO - Training completed! Total training time: 24m 50.9s
2025-09-19 15:47:07,785 - __main__ - INFO - Training ended at 2025-09-19 15:47:07
2025-09-19 15:47:07,785 - __main__ - INFO - [EarlyStopping] Training completed normally with final best accuracy: -inf
2025-09-19 15:47:07,786 - __main__ - INFO - Saving model and artifacts...
2025-09-19 15:47:09,033 - __main__ - INFO - Model saved to run_20250919_152201/model.safetensors
2025-09-19 15:47:09,035 - __main__ - INFO - Configuration saved to run_20250919_152201/config.json
2025-09-19 15:47:09,052 - __main__ - INFO - Splits saved to run_20250919_152201/splits.json
2025-09-19 15:47:09,052 - __main__ - INFO - All training artifacts saved to run_20250919_152201
2025-09-19 15:47:09,052 - __main__ - INFO - Training completed successfully! Training time: 24m 51.2s | Results saved to: run_20250919_152201
{'eval_accuracy': 0.8290816326530612, 'eval_loss': 0.20958079397678375, 'epoch': 9.794117647058824}
{'train_runtime': 1490.9071, 'train_samples_per_second': 21.785, 'train_steps_per_second': 0.302, 'train_loss': 0.07407824602391985, 'epoch': 9.794117647058824}
[INFO] Collecting artifacts to /homes/nnebeling/thesis/runs/ast-a40.162983 ...
  -> copying run_20250919_152201
  -> skipping ast_triplet_output (empty directory)
  -> skipping logs (empty directory)
[DONE] Everything copied to: /homes/nnebeling/thesis/runs/ast-a40.162983
Job runtime: 1523 seconds (00:25:23)
