[INFO] SLURM_JOB_TMP is: /local/slurmjobs/162851
[INFO] Using GPU: 0
[INFO] Staging archive to node SSD...
'/homes/nnebeling/thesis/precomputed_AST_7G.zip' -> '/local/slurmjobs/162851/precomputed_AST_7G.zip'
[INFO] Unpacking on SSD...
[OK] Unpacked. Top-level contents:
.
precomputed_AST_7G
precomputed_AST_7G/Party House
precomputed_AST_7G/Party Goa
precomputed_AST_7G/Dark Techno
precomputed_AST_7G/Zyzz Music
precomputed_AST_7G/Chill House
precomputed_AST_7G/Emotional Techno
precomputed_AST_7G/Chiller vibe goa
[INFO] Starting training...
2025-09-18 14:20:28,417 - __main__ - INFO - Loading configuration...
2025-09-18 14:20:28,419 - __main__ - INFO - set_float32_matmul_precision=high
2025-09-18 14:20:28,419 - __main__ - INFO - TF32: matmul=True, cudnn=True
2025-09-18 14:20:28,809 - __main__ - INFO - Experiment: Best Parameter Setup, Optimizing dataset size
2025-09-18 14:20:28,809 - __main__ - INFO - Description: Trying 2x4
2025-09-18 14:20:28,829 - __main__ - INFO - Random seeds set to 13
2025-09-18 14:20:28,829 - __main__ - INFO - Loading data splits...
2025-09-18 14:20:28,829 - __main__ - INFO - Generating train/test splits from preprocessed features
2025-09-18 14:20:28,829 - __main__ - INFO - Generating track-level splits to prevent data leakage...
2025-09-18 14:20:28,831 - __main__ - INFO - Subgenre Chill House: 81 tracks, 243 chunks total
2025-09-18 14:20:28,832 - __main__ - INFO - Subgenre Chiller vibe goa: 54 tracks, 162 chunks total
2025-09-18 14:20:28,834 - __main__ - INFO - Subgenre Dark Techno: 86 tracks, 258 chunks total
2025-09-18 14:20:28,835 - __main__ - INFO - Subgenre Emotional Techno: 75 tracks, 225 chunks total
2025-09-18 14:20:28,836 - __main__ - INFO - Subgenre Party Goa: 62 tracks, 186 chunks total
2025-09-18 14:20:28,837 - __main__ - INFO - Subgenre Party House: 69 tracks, 207 chunks total
2025-09-18 14:20:28,839 - __main__ - INFO - Subgenre Zyzz Music: 77 tracks, 231 chunks total
2025-09-18 14:20:28,839 - __main__ - INFO - Subgenre Chill House: 65 train tracks, 16 test tracks
2025-09-18 14:20:28,839 - __main__ - INFO - Subgenre Chiller vibe goa: 44 train tracks, 10 test tracks
2025-09-18 14:20:28,839 - __main__ - INFO - Subgenre Dark Techno: 69 train tracks, 17 test tracks
2025-09-18 14:20:28,839 - __main__ - INFO - Subgenre Emotional Techno: 60 train tracks, 15 test tracks
2025-09-18 14:20:28,839 - __main__ - INFO - Subgenre Party Goa: 50 train tracks, 12 test tracks
2025-09-18 14:20:28,839 - __main__ - INFO - Subgenre Party House: 56 train tracks, 13 test tracks
2025-09-18 14:20:28,839 - __main__ - INFO - Subgenre Zyzz Music: 62 train tracks, 15 test tracks
2025-09-18 14:20:28,839 - __main__ - INFO - Generating training triplets from train tracks...
2025-09-18 14:20:28,839 - __main__ - INFO - Train triplet generation config:
2025-09-18 14:20:28,839 - __main__ - INFO -   Max positive tracks per anchor: 4
2025-09-18 14:20:28,840 - __main__ - INFO -   Triplets per positive track: 2
2025-09-18 14:20:28,840 - __main__ - INFO -   Expected triplets per anchor: ~8
2025-09-18 14:20:28,842 - __main__ - INFO - Train - Subgenre Chill House: 1560 triplets from 65 tracks
2025-09-18 14:20:28,844 - __main__ - INFO - Train - Subgenre Chiller vibe goa: 1056 triplets from 44 tracks
2025-09-18 14:20:28,847 - __main__ - INFO - Train - Subgenre Dark Techno: 1656 triplets from 69 tracks
2025-09-18 14:20:28,850 - __main__ - INFO - Train - Subgenre Emotional Techno: 1440 triplets from 60 tracks
2025-09-18 14:20:28,853 - __main__ - INFO - Train - Subgenre Party Goa: 1200 triplets from 50 tracks
2025-09-18 14:20:28,855 - __main__ - INFO - Train - Subgenre Party House: 1344 triplets from 56 tracks
2025-09-18 14:20:28,858 - __main__ - INFO - Train - Subgenre Zyzz Music: 1488 triplets from 62 tracks
2025-09-18 14:20:28,858 - __main__ - INFO - Generating test triplets from test tracks...
2025-09-18 14:20:28,858 - __main__ - INFO - Test triplet generation config:
2025-09-18 14:20:28,858 - __main__ - INFO -   Max positive tracks per anchor: 4
2025-09-18 14:20:28,858 - __main__ - INFO -   Triplets per positive track: 2
2025-09-18 14:20:28,858 - __main__ - INFO -   Expected triplets per anchor: ~8
2025-09-18 14:20:28,858 - __main__ - INFO - Test - Subgenre Chill House: 384 triplets from 16 tracks
2025-09-18 14:20:28,859 - __main__ - INFO - Test - Subgenre Chiller vibe goa: 240 triplets from 10 tracks
2025-09-18 14:20:28,860 - __main__ - INFO - Test - Subgenre Dark Techno: 408 triplets from 17 tracks
2025-09-18 14:20:28,860 - __main__ - INFO - Test - Subgenre Emotional Techno: 360 triplets from 15 tracks
2025-09-18 14:20:28,861 - __main__ - INFO - Test - Subgenre Party Goa: 288 triplets from 12 tracks
2025-09-18 14:20:28,861 - __main__ - INFO - Test - Subgenre Party House: 312 triplets from 13 tracks
2025-09-18 14:20:28,862 - __main__ - INFO - Test - Subgenre Zyzz Music: 360 triplets from 15 tracks
2025-09-18 14:20:28,862 - __main__ - INFO - ✓ NO DATA LEAKAGE: 406 unique train tracks, 98 unique test tracks
2025-09-18 14:20:28,862 - __main__ - INFO - Total: 9744 train triplets, 2352 test triplets
2025-09-18 14:20:28,862 - __main__ - INFO - Creating datasets...
2025-09-18 14:20:28,982 - __main__ - INFO - Initialized dataset (train) with 9744 triplets (resample_train_samples=False)
2025-09-18 14:20:29,008 - __main__ - INFO - Initialized dataset (test) with 2352 triplets (resample_train_samples=False)
2025-09-18 14:20:29,008 - __main__ - INFO - Initializing model...
2025-09-18 14:20:29,008 - __main__ - INFO - Using device: cuda
2025-09-18 14:20:29,008 - __main__ - INFO - Loading pretrained model: MIT/ast-finetuned-audioset-10-10-0.4593
2025-09-18 14:20:31,381 - __main__ - INFO - MLP Projection Head Architecture: 768 -> 512 -> 128
2025-09-18 14:20:31,382 - __main__ - INFO -   Activation: relu, Dropout: 0.15
2025-09-18 14:20:31,382 - __main__ - INFO -   Total parameters: 459,392
2025-09-18 14:20:31,382 - __main__ - INFO - Model initialized with projection to 128D
2025-09-18 14:20:31,382 - __main__ - INFO - Margin scheduling: 0.5 → 0.5 over 1 epochs
2025-09-18 14:20:31,382 - __main__ - INFO - Negative mining: none
2025-09-18 14:20:31,679 - __main__ - INFO - Using custom dual-group optimizer with sophisticated LR scheduling
2025-09-18 14:20:31,680 - lr_scheduler - INFO - Parameter groups created:
2025-09-18 14:20:31,680 - lr_scheduler - INFO -   Base parameters: 199 tensors
2025-09-18 14:20:31,680 - lr_scheduler - INFO -   Head parameters: 4 tensors
2025-09-18 14:20:31,680 - lr_scheduler - INFO - Dual group optimizer created:
2025-09-18 14:20:31,681 - lr_scheduler - INFO -   Base LR: 2.00e-05
2025-09-18 14:20:31,681 - lr_scheduler - INFO -   Head LR: 2.00e-05 (1.0x multiplier)
2025-09-18 14:20:31,681 - __main__ - INFO - Precision summary -> bf16=True, fp16=False, tf32=True
2025-09-18 14:20:31,713 - __main__ - INFO - Early stopping disabled
2025-09-18 14:20:31,713 - lr_scheduler - INFO - PyTorch LambdaLR scheduler created:
2025-09-18 14:20:31,713 - lr_scheduler - INFO -   Base LR: 2.00e-05
2025-09-18 14:20:31,713 - lr_scheduler - INFO -   Head LR multiplier: 1.0x
2025-09-18 14:20:31,713 - lr_scheduler - INFO -   Multiplier converges to 1.0 at epoch 1
2025-09-18 14:20:31,713 - lr_scheduler - INFO -   Warmup steps: 68 (10.0%)
2025-09-18 14:20:31,714 - lr_scheduler - INFO -   Total steps: 680
2025-09-18 14:20:31,714 - lr_scheduler - INFO -   Min LR: 1.00e-07
2025-09-18 14:20:31,714 - lr_scheduler - INFO -   Scheduler type: Linear
2025-09-18 14:20:31,714 - __main__ - INFO - PyTorch LambdaLR scheduler created with 680 total steps, 136 steps/epoch
2025-09-18 14:20:31,724 - __main__ - INFO - Training setup:
2025-09-18 14:20:31,724 - __main__ - INFO -   - Train samples: 9744
2025-09-18 14:20:31,724 - __main__ - INFO -   - Test samples: 2352
2025-09-18 14:20:31,724 - __main__ - INFO -   - Batch size: 24
2025-09-18 14:20:31,724 - __main__ - INFO -   - Gradient accumulation: 3
2025-09-18 14:20:31,724 - __main__ - INFO -   - Effective batch size: 72
2025-09-18 14:20:31,724 - __main__ - INFO -   - Steps per epoch: 136
2025-09-18 14:20:31,724 - __main__ - INFO -   - Total epochs: 5
2025-09-18 14:20:31,724 - __main__ - INFO -   - Estimated total steps: 680
2025-09-18 14:20:31,724 - __main__ - INFO - Performing initial evaluation to establish baseline...
2025-09-18 14:21:09,528 - __main__ - INFO - Evaluation - Epoch 0, Step 0: eval_loss=0.4872, eval_accuracy=0.610, Elapsed: 0.0s
2025-09-18 14:21:09,529 - __main__ - INFO - Starting training...
2025-09-18 14:21:09,711 - __main__ - INFO - Using stratified batch sampling for training
2025-09-18 14:21:09,714 - __main__ - INFO - Stratified batching: 7 subgenres, 2 guaranteed per subgenre, 10 random slots per batch
2025-09-18 14:21:09,721 - __main__ - INFO - Training started at 2025-09-18 14:21:09
2025-09-18 14:21:09,721 - __main__ - INFO - Epoch 0: Using margin 0.500
{'eval_accuracy': 0.6096938775510204, 'eval_loss': 0.487244576215744}
{'loss': 0.2682, 'grad_norm': 0.504014253616333, 'learning_rate': 1.7777777777777777e-05, 'epoch': 1.0}
2025-09-18 14:28:47,629 - __main__ - INFO - Evaluation - Epoch 1.0, Step 136: eval_loss=0.2151, eval_accuracy=0.821, Elapsed: 7m 37.9s
2025-09-18 14:28:49,252 - __main__ - INFO - Epoch 1: Using margin 0.500
{'eval_accuracy': 0.8210034013605442, 'eval_loss': 0.2150631546974182, 'epoch': 1.0}
{'loss': 0.0628, 'grad_norm': 1.0566598176956177, 'learning_rate': 1.3333333333333337e-05, 'epoch': 2.0}
2025-09-18 14:36:19,765 - __main__ - INFO - Evaluation - Epoch 2.0, Step 272: eval_loss=0.1901, eval_accuracy=0.843, Elapsed: 15m 10.0s
2025-09-18 14:36:21,397 - __main__ - INFO - Epoch 2: Using margin 0.500
{'eval_accuracy': 0.8431122448979592, 'eval_loss': 0.19006049633026123, 'epoch': 2.0}
{'loss': 0.0369, 'grad_norm': 0.3245953917503357, 'learning_rate': 8.888888888888888e-06, 'epoch': 3.0}
2025-09-18 14:43:50,079 - __main__ - INFO - Evaluation - Epoch 3.0, Step 408: eval_loss=0.2107, eval_accuracy=0.823, Elapsed: 22m 40.4s
2025-09-18 14:43:51,713 - __main__ - INFO - Epoch 3: Using margin 0.500
{'eval_accuracy': 0.8231292517006803, 'eval_loss': 0.2106841802597046, 'epoch': 3.0}
{'loss': 0.0184, 'grad_norm': 0.38456836342811584, 'learning_rate': 4.444444444444444e-06, 'epoch': 4.0}
2025-09-18 14:51:20,370 - __main__ - INFO - Evaluation - Epoch 4.0, Step 544: eval_loss=0.2200, eval_accuracy=0.815, Elapsed: 30m 10.6s
2025-09-18 14:51:22,000 - __main__ - INFO - Epoch 4: Using margin 0.500
{'eval_accuracy': 0.8150510204081632, 'eval_loss': 0.21995648741722107, 'epoch': 4.0}
{'loss': 0.0069, 'grad_norm': 0.9935939311981201, 'learning_rate': 1.6339869281045694e-07, 'epoch': 4.967980295566503}
2025-09-18 14:58:37,290 - __main__ - INFO - Evaluation - Epoch 4.967980295566503, Step 675: eval_loss=0.2192, eval_accuracy=0.812, Elapsed: 37m 27.6s
2025-09-18 14:58:38,894 - __main__ - INFO - Training completed! Total training time: 37m 29.2s
2025-09-18 14:58:38,895 - __main__ - INFO - Training ended at 2025-09-18 14:58:38
2025-09-18 14:58:38,895 - __main__ - INFO - Saving model and artifacts...
2025-09-18 14:58:39,660 - __main__ - INFO - Model saved to run_20250918_142028/model.safetensors
2025-09-18 14:58:39,660 - __main__ - INFO - Configuration saved to run_20250918_142028/config.json
2025-09-18 14:58:39,703 - __main__ - INFO - Splits saved to run_20250918_142028/splits.json
2025-09-18 14:58:39,703 - __main__ - INFO - All training artifacts saved to run_20250918_142028
2025-09-18 14:58:39,703 - __main__ - INFO - Training completed successfully! Training time: 37m 29.4s | Results saved to: run_20250918_142028
{'eval_accuracy': 0.8125, 'eval_loss': 0.21916425228118896, 'epoch': 4.967980295566503}
{'train_runtime': 2249.1734, 'train_samples_per_second': 21.661, 'train_steps_per_second': 0.3, 'train_loss': 0.07917208406660292, 'epoch': 4.967980295566503}
[INFO] Collecting artifacts to /homes/nnebeling/thesis/runs/ast-a40.162851 ...
  -> copying run_20250918_142028
  -> skipping ast_triplet_output (empty directory)
  -> skipping logs (empty directory)
[DONE] Everything copied to: /homes/nnebeling/thesis/runs/ast-a40.162851
Job runtime: 2332 seconds (00:38:52)
