[INFO] SLURM_JOB_TMP is: /local/slurmjobs/162944
[INFO] Using GPU: 0
[INFO] Staging archive to node SSD...
'/homes/nnebeling/thesis/precomputed_7G_2Chunk.zip' -> '/local/slurmjobs/162944/precomputed_7G_2Chunk.zip'
[INFO] Unpacking on SSD...
[OK] Unpacked. Top-level contents:
.
precomputed_7G_2Chunk
precomputed_7G_2Chunk/Party House
precomputed_7G_2Chunk/Party Goa
precomputed_7G_2Chunk/Dark Techno
precomputed_7G_2Chunk/Zyzz Music
precomputed_7G_2Chunk/Chill House
precomputed_7G_2Chunk/Emotional Techno
precomputed_7G_2Chunk/Chiller vibe goa
[INFO] Starting training...
2025-09-19 08:01:36,931 - __main__ - INFO - Loading configuration...
2025-09-19 08:01:36,933 - __main__ - INFO - set_float32_matmul_precision=high
2025-09-19 08:01:36,933 - __main__ - INFO - TF32: matmul=True, cudnn=True
2025-09-19 08:01:37,306 - __main__ - INFO - Experiment: Testing 2 chunks per track
2025-09-19 08:01:37,307 - __main__ - INFO - Description: Dataset size 1x8
2025-09-19 08:01:37,308 - __main__ - INFO - Random seeds set to 23
2025-09-19 08:01:37,308 - __main__ - INFO - Loading data splits...
2025-09-19 08:01:37,308 - __main__ - INFO - Generating train/test splits from preprocessed features
2025-09-19 08:01:37,308 - __main__ - INFO - Generating track-level splits to prevent data leakage...
2025-09-19 08:01:37,309 - __main__ - INFO - Subgenre Chill House: 81 tracks, 162 chunks total
2025-09-19 08:01:37,310 - __main__ - INFO - Subgenre Chiller vibe goa: 54 tracks, 108 chunks total
2025-09-19 08:01:37,311 - __main__ - INFO - Subgenre Dark Techno: 86 tracks, 172 chunks total
2025-09-19 08:01:37,312 - __main__ - INFO - Subgenre Emotional Techno: 75 tracks, 150 chunks total
2025-09-19 08:01:37,313 - __main__ - INFO - Subgenre Party Goa: 62 tracks, 124 chunks total
2025-09-19 08:01:37,314 - __main__ - INFO - Subgenre Party House: 69 tracks, 138 chunks total
2025-09-19 08:01:37,315 - __main__ - INFO - Subgenre Zyzz Music: 77 tracks, 154 chunks total
2025-09-19 08:01:37,315 - __main__ - INFO - Subgenre Chill House: 65 train tracks, 16 test tracks
2025-09-19 08:01:37,315 - __main__ - INFO - Subgenre Chiller vibe goa: 44 train tracks, 10 test tracks
2025-09-19 08:01:37,315 - __main__ - INFO - Subgenre Dark Techno: 69 train tracks, 17 test tracks
2025-09-19 08:01:37,315 - __main__ - INFO - Subgenre Emotional Techno: 60 train tracks, 15 test tracks
2025-09-19 08:01:37,315 - __main__ - INFO - Subgenre Party Goa: 50 train tracks, 12 test tracks
2025-09-19 08:01:37,316 - __main__ - INFO - Subgenre Party House: 56 train tracks, 13 test tracks
2025-09-19 08:01:37,316 - __main__ - INFO - Subgenre Zyzz Music: 62 train tracks, 15 test tracks
2025-09-19 08:01:37,316 - __main__ - INFO - Generating training triplets from train tracks...
2025-09-19 08:01:37,316 - __main__ - INFO - Train triplet generation config:
2025-09-19 08:01:37,316 - __main__ - INFO -   Max positive tracks per anchor: 8
2025-09-19 08:01:37,316 - __main__ - INFO -   Triplets per positive track: 1
2025-09-19 08:01:37,316 - __main__ - INFO -   Expected triplets per anchor: ~8
2025-09-19 08:01:37,318 - __main__ - INFO - Train - Subgenre Chill House: 1040 triplets from 65 tracks
2025-09-19 08:01:37,320 - __main__ - INFO - Train - Subgenre Chiller vibe goa: 704 triplets from 44 tracks
2025-09-19 08:01:37,322 - __main__ - INFO - Train - Subgenre Dark Techno: 1104 triplets from 69 tracks
2025-09-19 08:01:37,325 - __main__ - INFO - Train - Subgenre Emotional Techno: 960 triplets from 60 tracks
2025-09-19 08:01:37,326 - __main__ - INFO - Train - Subgenre Party Goa: 800 triplets from 50 tracks
2025-09-19 08:01:37,329 - __main__ - INFO - Train - Subgenre Party House: 896 triplets from 56 tracks
2025-09-19 08:01:37,331 - __main__ - INFO - Train - Subgenre Zyzz Music: 992 triplets from 62 tracks
2025-09-19 08:01:37,331 - __main__ - INFO - Generating test triplets from test tracks...
2025-09-19 08:01:37,331 - __main__ - INFO - Test triplet generation config:
2025-09-19 08:01:37,331 - __main__ - INFO -   Max positive tracks per anchor: 8
2025-09-19 08:01:37,331 - __main__ - INFO -   Triplets per positive track: 1
2025-09-19 08:01:37,331 - __main__ - INFO -   Expected triplets per anchor: ~8
2025-09-19 08:01:37,332 - __main__ - INFO - Test - Subgenre Chill House: 256 triplets from 16 tracks
2025-09-19 08:01:37,332 - __main__ - INFO - Test - Subgenre Chiller vibe goa: 160 triplets from 10 tracks
2025-09-19 08:01:37,333 - __main__ - INFO - Test - Subgenre Dark Techno: 272 triplets from 17 tracks
2025-09-19 08:01:37,334 - __main__ - INFO - Test - Subgenre Emotional Techno: 240 triplets from 15 tracks
2025-09-19 08:01:37,334 - __main__ - INFO - Test - Subgenre Party Goa: 192 triplets from 12 tracks
2025-09-19 08:01:37,335 - __main__ - INFO - Test - Subgenre Party House: 208 triplets from 13 tracks
2025-09-19 08:01:37,335 - __main__ - INFO - Test - Subgenre Zyzz Music: 240 triplets from 15 tracks
2025-09-19 08:01:37,335 - __main__ - INFO - ✓ NO DATA LEAKAGE: 406 unique train tracks, 98 unique test tracks
2025-09-19 08:01:37,335 - __main__ - INFO - Total: 6496 train triplets, 1568 test triplets
2025-09-19 08:01:37,336 - __main__ - INFO - Creating datasets...
2025-09-19 08:01:37,410 - __main__ - INFO - Initialized dataset (train) with 6496 triplets (resample_train_samples=False)
2025-09-19 08:01:37,428 - __main__ - INFO - Initialized dataset (test) with 1568 triplets (resample_train_samples=False)
2025-09-19 08:01:37,428 - __main__ - INFO - Initializing model...
2025-09-19 08:01:37,428 - __main__ - INFO - Using device: cuda
2025-09-19 08:01:37,428 - __main__ - INFO - Loading pretrained model: MIT/ast-finetuned-audioset-10-10-0.4593
2025-09-19 08:01:39,153 - __main__ - INFO - MLP Projection Head Architecture: 768 -> 512 -> 128
2025-09-19 08:01:39,153 - __main__ - INFO -   Activation: relu, Dropout: 0.15
2025-09-19 08:01:39,153 - __main__ - INFO -   Total parameters: 459,392
2025-09-19 08:01:39,153 - __main__ - INFO - Model initialized with projection to 128D
2025-09-19 08:01:39,153 - __main__ - INFO - Margin scheduling: 0.5 → 0.5 over 1 epochs
2025-09-19 08:01:39,153 - __main__ - INFO - Negative mining: none
2025-09-19 08:01:39,365 - __main__ - INFO - Using custom dual-group optimizer with sophisticated LR scheduling
2025-09-19 08:01:39,366 - lr_scheduler - INFO - Parameter groups created:
2025-09-19 08:01:39,366 - lr_scheduler - INFO -   Base parameters: 199 tensors
2025-09-19 08:01:39,366 - lr_scheduler - INFO -   Head parameters: 4 tensors
2025-09-19 08:01:39,367 - lr_scheduler - INFO - Dual group optimizer created:
2025-09-19 08:01:39,367 - lr_scheduler - INFO -   Base LR: 2.00e-05
2025-09-19 08:01:39,367 - lr_scheduler - INFO -   Head LR: 2.00e-05 (1.0x multiplier)
2025-09-19 08:01:39,367 - __main__ - INFO - Precision summary -> bf16=True, fp16=False, tf32=True
2025-09-19 08:01:39,391 - __main__ - INFO - Early stopping enabled: patience=3, min_delta=0.01, post_resample_grace=2
2025-09-19 08:01:39,391 - lr_scheduler - INFO - PyTorch LambdaLR scheduler created:
2025-09-19 08:01:39,391 - lr_scheduler - INFO -   Base LR: 2.00e-05
2025-09-19 08:01:39,391 - lr_scheduler - INFO -   Head LR multiplier: 1.0x
2025-09-19 08:01:39,391 - lr_scheduler - INFO -   Multiplier converges to 1.0 at epoch 1
2025-09-19 08:01:39,391 - lr_scheduler - INFO -   Warmup steps: 91 (10.0%)
2025-09-19 08:01:39,392 - lr_scheduler - INFO -   Total steps: 910
2025-09-19 08:01:39,392 - lr_scheduler - INFO -   Min LR: 1.00e-07
2025-09-19 08:01:39,392 - lr_scheduler - INFO -   Scheduler type: Linear
2025-09-19 08:01:39,392 - __main__ - INFO - PyTorch LambdaLR scheduler created with 910 total steps, 91 steps/epoch
2025-09-19 08:01:39,399 - __main__ - INFO - Training setup:
2025-09-19 08:01:39,399 - __main__ - INFO -   - Train samples: 6496
2025-09-19 08:01:39,399 - __main__ - INFO -   - Test samples: 1568
2025-09-19 08:01:39,399 - __main__ - INFO -   - Batch size: 24
2025-09-19 08:01:39,399 - __main__ - INFO -   - Gradient accumulation: 3
2025-09-19 08:01:39,399 - __main__ - INFO -   - Effective batch size: 72
2025-09-19 08:01:39,399 - __main__ - INFO -   - Steps per epoch: 91
2025-09-19 08:01:39,399 - __main__ - INFO -   - Total epochs: 10
2025-09-19 08:01:39,399 - __main__ - INFO -   - Estimated total steps: 910
2025-09-19 08:01:39,399 - __main__ - INFO - Performing initial evaluation to establish baseline...
2025-09-19 08:02:03,945 - __main__ - INFO - Evaluation - Epoch 0, Step 0: eval_loss=0.4890, eval_accuracy=0.629, Elapsed: 0.0s
2025-09-19 08:02:03,946 - __main__ - INFO - Starting training...
2025-09-19 08:02:04,272 - __main__ - INFO - Using stratified batch sampling for training
2025-09-19 08:02:04,274 - __main__ - INFO - Stratified batching: 7 subgenres, 2 guaranteed per subgenre, 10 random slots per batch
2025-09-19 08:02:04,281 - __main__ - INFO - Training started at 2025-09-19 08:02:04
2025-09-19 08:02:04,281 - __main__ - INFO - Epoch 0: Using margin 0.500
{'eval_accuracy': 0.6288265306122449, 'eval_loss': 0.48895785212516785}
{'loss': 0.3138, 'grad_norm': 1.1589361429214478, 'learning_rate': 2e-05, 'epoch': 1.0}
2025-09-19 08:07:11,555 - __main__ - INFO - Evaluation - Epoch 1.0, Step 91: eval_loss=0.2045, eval_accuracy=0.829, Elapsed: 5m 7.3s
2025-09-19 08:07:11,556 - __main__ - INFO - Epoch 1: Using margin 0.500
{'eval_accuracy': 0.8290816326530612, 'eval_loss': 0.2044937014579773, 'epoch': 1.0}
{'loss': 0.0696, 'grad_norm': 0.20941151678562164, 'learning_rate': 1.7777777777777777e-05, 'epoch': 2.0}
2025-09-19 08:12:13,447 - __main__ - INFO - Evaluation - Epoch 2.0, Step 182: eval_loss=0.2012, eval_accuracy=0.826, Elapsed: 10m 9.2s
2025-09-19 08:12:13,447 - __main__ - INFO - Epoch 2: Using margin 0.500
{'eval_accuracy': 0.8258928571428571, 'eval_loss': 0.20122356712818146, 'epoch': 2.0}
{'loss': 0.0344, 'grad_norm': 0.34221696853637695, 'learning_rate': 1.555555555555556e-05, 'epoch': 3.0}
2025-09-19 08:17:15,501 - __main__ - INFO - Evaluation - Epoch 3.0, Step 273: eval_loss=0.1885, eval_accuracy=0.844, Elapsed: 15m 11.2s
2025-09-19 08:17:15,502 - __main__ - INFO - Epoch 3: Using margin 0.500
{'eval_accuracy': 0.8443877551020408, 'eval_loss': 0.18852613866329193, 'epoch': 3.0}
{'loss': 0.0174, 'grad_norm': 0.31787970662117004, 'learning_rate': 1.3333333333333337e-05, 'epoch': 4.0}
2025-09-19 08:22:17,174 - __main__ - INFO - Evaluation - Epoch 4.0, Step 364: eval_loss=0.2040, eval_accuracy=0.830, Elapsed: 20m 12.9s
2025-09-19 08:22:17,175 - __main__ - INFO - Epoch 4: Using margin 0.500
{'eval_accuracy': 0.829719387755102, 'eval_loss': 0.20395056903362274, 'epoch': 4.0}
{'loss': 0.0061, 'grad_norm': 0.0, 'learning_rate': 1.1111111111111113e-05, 'epoch': 5.0}
2025-09-19 08:27:18,174 - __main__ - INFO - Evaluation - Epoch 5.0, Step 455: eval_loss=0.1915, eval_accuracy=0.835, Elapsed: 25m 13.9s
2025-09-19 08:27:18,175 - __main__ - INFO - Epoch 5: Using margin 0.500
{'eval_accuracy': 0.8354591836734694, 'eval_loss': 0.19148290157318115, 'epoch': 5.0}
{'loss': 0.0026, 'grad_norm': 0.32202836871147156, 'learning_rate': 8.888888888888888e-06, 'epoch': 6.0}
2025-09-19 08:32:18,603 - __main__ - INFO - Evaluation - Epoch 6.0, Step 546: eval_loss=0.1858, eval_accuracy=0.843, Elapsed: 30m 14.3s
2025-09-19 08:32:18,604 - __main__ - INFO - Epoch 6: Using margin 0.500
{'eval_accuracy': 0.8431122448979592, 'eval_loss': 0.1858147233724594, 'epoch': 6.0}
{'loss': 0.0019, 'grad_norm': 0.0, 'learning_rate': 6.666666666666668e-06, 'epoch': 7.0}
2025-09-19 08:37:19,024 - __main__ - INFO - Evaluation - Epoch 7.0, Step 637: eval_loss=0.1901, eval_accuracy=0.845, Elapsed: 35m 14.7s
2025-09-19 08:37:19,025 - __main__ - INFO - Epoch 7: Using margin 0.500
{'eval_accuracy': 0.8450255102040817, 'eval_loss': 0.19005852937698364, 'epoch': 7.0}
{'loss': 0.0013, 'grad_norm': 0.23229092359542847, 'learning_rate': 4.444444444444444e-06, 'epoch': 8.0}
2025-09-19 08:42:19,344 - __main__ - INFO - Evaluation - Epoch 8.0, Step 728: eval_loss=0.1951, eval_accuracy=0.842, Elapsed: 40m 15.1s
2025-09-19 08:42:19,345 - __main__ - INFO - Epoch 8: Using margin 0.500
{'eval_accuracy': 0.8424744897959183, 'eval_loss': 0.19505514204502106, 'epoch': 8.0}
{'loss': 0.0013, 'grad_norm': 0.0, 'learning_rate': 2.2222222222222233e-06, 'epoch': 9.0}
2025-09-19 08:47:19,277 - __main__ - INFO - Evaluation - Epoch 9.0, Step 819: eval_loss=0.1925, eval_accuracy=0.842, Elapsed: 45m 15.0s
2025-09-19 08:47:19,278 - __main__ - INFO - Epoch 9: Using margin 0.500
{'eval_accuracy': 0.8424744897959183, 'eval_loss': 0.19248764216899872, 'epoch': 9.0}
{'loss': 0.0007, 'grad_norm': 0.0, 'learning_rate': 2.4420024420024337e-07, 'epoch': 9.896678966789668}
2025-09-19 08:51:50,678 - __main__ - INFO - Evaluation - Epoch 9.896678966789668, Step 900: eval_loss=0.1964, eval_accuracy=0.836, Elapsed: 49m 46.4s
2025-09-19 08:51:50,680 - __main__ - INFO - Training completed! Total training time: 49m 46.4s
2025-09-19 08:51:50,680 - __main__ - INFO - Training ended at 2025-09-19 08:51:50
2025-09-19 08:51:50,680 - __main__ - INFO - [EarlyStopping] Training completed normally with final best accuracy: -inf
2025-09-19 08:51:50,680 - __main__ - INFO - Saving model and artifacts...
2025-09-19 08:51:51,489 - __main__ - INFO - Model saved to run_20250919_080137/model.safetensors
2025-09-19 08:51:51,490 - __main__ - INFO - Configuration saved to run_20250919_080137/config.json
2025-09-19 08:51:51,519 - __main__ - INFO - Splits saved to run_20250919_080137/splits.json
2025-09-19 08:51:51,519 - __main__ - INFO - All training artifacts saved to run_20250919_080137
2025-09-19 08:51:51,519 - __main__ - INFO - Training completed successfully! Training time: 49m 46.7s | Results saved to: run_20250919_080137
{'eval_accuracy': 0.8360969387755102, 'eval_loss': 0.19641219079494476, 'epoch': 9.896678966789668}
{'train_runtime': 2986.3987, 'train_samples_per_second': 21.752, 'train_steps_per_second': 0.301, 'train_loss': 0.04539929527375433, 'epoch': 9.896678966789668}
[INFO] Collecting artifacts to /homes/nnebeling/thesis/runs/ast-a40.162944 ...
  -> copying run_20250919_080137
  -> skipping ast_triplet_output (empty directory)
  -> skipping logs (empty directory)
[DONE] Everything copied to: /homes/nnebeling/thesis/runs/ast-a40.162944
Job runtime: 3028 seconds (00:50:28)
