[INFO] SLURM_JOB_TMP is: /local/slurmjobs/162940
[INFO] Using GPU: 0
[INFO] Staging archive to node SSD...
'/homes/nnebeling/thesis/precomputed_7G_2Chunk.zip' -> '/local/slurmjobs/162940/precomputed_7G_2Chunk.zip'
[INFO] Unpacking on SSD...
[OK] Unpacked. Top-level contents:
.
precomputed_7G_2Chunk
precomputed_7G_2Chunk/Chill House
precomputed_7G_2Chunk/Zyzz Music
precomputed_7G_2Chunk/Emotional Techno
precomputed_7G_2Chunk/Party House
precomputed_7G_2Chunk/Chiller vibe goa
precomputed_7G_2Chunk/Dark Techno
precomputed_7G_2Chunk/Party Goa
[INFO] Starting training...
2025-09-19 06:31:12,705 - __main__ - INFO - Loading configuration...
2025-09-19 06:31:12,707 - __main__ - INFO - set_float32_matmul_precision=high
2025-09-19 06:31:12,707 - __main__ - INFO - TF32: matmul=True, cudnn=True
2025-09-19 06:31:13,094 - __main__ - INFO - Experiment: Testing 2 chunks per track
2025-09-19 06:31:13,094 - __main__ - INFO - Description: Dataset size 1x5
2025-09-19 06:31:13,100 - __main__ - INFO - Random seeds set to 23
2025-09-19 06:31:13,100 - __main__ - INFO - Loading data splits...
2025-09-19 06:31:13,100 - __main__ - INFO - Generating train/test splits from preprocessed features
2025-09-19 06:31:13,100 - __main__ - INFO - Generating track-level splits to prevent data leakage...
2025-09-19 06:31:13,102 - __main__ - INFO - Subgenre Chill House: 81 tracks, 162 chunks total
2025-09-19 06:31:13,102 - __main__ - INFO - Subgenre Chiller vibe goa: 54 tracks, 108 chunks total
2025-09-19 06:31:13,104 - __main__ - INFO - Subgenre Dark Techno: 86 tracks, 172 chunks total
2025-09-19 06:31:13,105 - __main__ - INFO - Subgenre Emotional Techno: 75 tracks, 150 chunks total
2025-09-19 06:31:13,105 - __main__ - INFO - Subgenre Party Goa: 62 tracks, 124 chunks total
2025-09-19 06:31:13,106 - __main__ - INFO - Subgenre Party House: 69 tracks, 138 chunks total
2025-09-19 06:31:13,107 - __main__ - INFO - Subgenre Zyzz Music: 77 tracks, 154 chunks total
2025-09-19 06:31:13,107 - __main__ - INFO - Subgenre Chill House: 65 train tracks, 16 test tracks
2025-09-19 06:31:13,107 - __main__ - INFO - Subgenre Chiller vibe goa: 44 train tracks, 10 test tracks
2025-09-19 06:31:13,108 - __main__ - INFO - Subgenre Dark Techno: 69 train tracks, 17 test tracks
2025-09-19 06:31:13,108 - __main__ - INFO - Subgenre Emotional Techno: 60 train tracks, 15 test tracks
2025-09-19 06:31:13,108 - __main__ - INFO - Subgenre Party Goa: 50 train tracks, 12 test tracks
2025-09-19 06:31:13,108 - __main__ - INFO - Subgenre Party House: 56 train tracks, 13 test tracks
2025-09-19 06:31:13,108 - __main__ - INFO - Subgenre Zyzz Music: 62 train tracks, 15 test tracks
2025-09-19 06:31:13,108 - __main__ - INFO - Generating training triplets from train tracks...
2025-09-19 06:31:13,108 - __main__ - INFO - Train triplet generation config:
2025-09-19 06:31:13,108 - __main__ - INFO -   Max positive tracks per anchor: 4
2025-09-19 06:31:13,108 - __main__ - INFO -   Triplets per positive track: 1
2025-09-19 06:31:13,108 - __main__ - INFO -   Expected triplets per anchor: ~4
2025-09-19 06:31:13,109 - __main__ - INFO - Train - Subgenre Chill House: 520 triplets from 65 tracks
2025-09-19 06:31:13,110 - __main__ - INFO - Train - Subgenre Chiller vibe goa: 352 triplets from 44 tracks
2025-09-19 06:31:13,112 - __main__ - INFO - Train - Subgenre Dark Techno: 552 triplets from 69 tracks
2025-09-19 06:31:13,113 - __main__ - INFO - Train - Subgenre Emotional Techno: 480 triplets from 60 tracks
2025-09-19 06:31:13,114 - __main__ - INFO - Train - Subgenre Party Goa: 400 triplets from 50 tracks
2025-09-19 06:31:13,115 - __main__ - INFO - Train - Subgenre Party House: 448 triplets from 56 tracks
2025-09-19 06:31:13,116 - __main__ - INFO - Train - Subgenre Zyzz Music: 496 triplets from 62 tracks
2025-09-19 06:31:13,117 - __main__ - INFO - Generating test triplets from test tracks...
2025-09-19 06:31:13,117 - __main__ - INFO - Test triplet generation config:
2025-09-19 06:31:13,117 - __main__ - INFO -   Max positive tracks per anchor: 4
2025-09-19 06:31:13,117 - __main__ - INFO -   Triplets per positive track: 1
2025-09-19 06:31:13,117 - __main__ - INFO -   Expected triplets per anchor: ~4
2025-09-19 06:31:13,117 - __main__ - INFO - Test - Subgenre Chill House: 128 triplets from 16 tracks
2025-09-19 06:31:13,117 - __main__ - INFO - Test - Subgenre Chiller vibe goa: 80 triplets from 10 tracks
2025-09-19 06:31:13,118 - __main__ - INFO - Test - Subgenre Dark Techno: 136 triplets from 17 tracks
2025-09-19 06:31:13,118 - __main__ - INFO - Test - Subgenre Emotional Techno: 120 triplets from 15 tracks
2025-09-19 06:31:13,118 - __main__ - INFO - Test - Subgenre Party Goa: 96 triplets from 12 tracks
2025-09-19 06:31:13,118 - __main__ - INFO - Test - Subgenre Party House: 104 triplets from 13 tracks
2025-09-19 06:31:13,119 - __main__ - INFO - Test - Subgenre Zyzz Music: 120 triplets from 15 tracks
2025-09-19 06:31:13,119 - __main__ - INFO - ✓ NO DATA LEAKAGE: 406 unique train tracks, 98 unique test tracks
2025-09-19 06:31:13,119 - __main__ - INFO - Total: 3248 train triplets, 784 test triplets
2025-09-19 06:31:13,119 - __main__ - INFO - Creating datasets...
2025-09-19 06:31:13,159 - __main__ - INFO - Initialized dataset (train) with 3248 triplets (resample_train_samples=False)
2025-09-19 06:31:13,168 - __main__ - INFO - Initialized dataset (test) with 784 triplets (resample_train_samples=False)
2025-09-19 06:31:13,169 - __main__ - INFO - Initializing model...
2025-09-19 06:31:13,169 - __main__ - INFO - Using device: cuda
2025-09-19 06:31:13,169 - __main__ - INFO - Loading pretrained model: MIT/ast-finetuned-audioset-10-10-0.4593
2025-09-19 06:31:15,590 - __main__ - INFO - MLP Projection Head Architecture: 768 -> 512 -> 128
2025-09-19 06:31:15,590 - __main__ - INFO -   Activation: relu, Dropout: 0.15
2025-09-19 06:31:15,590 - __main__ - INFO -   Total parameters: 459,392
2025-09-19 06:31:15,590 - __main__ - INFO - Model initialized with projection to 128D
2025-09-19 06:31:15,591 - __main__ - INFO - Margin scheduling: 0.5 → 0.5 over 1 epochs
2025-09-19 06:31:15,591 - __main__ - INFO - Negative mining: none
2025-09-19 06:31:15,846 - __main__ - INFO - Using custom dual-group optimizer with sophisticated LR scheduling
2025-09-19 06:31:15,847 - lr_scheduler - INFO - Parameter groups created:
2025-09-19 06:31:15,847 - lr_scheduler - INFO -   Base parameters: 199 tensors
2025-09-19 06:31:15,847 - lr_scheduler - INFO -   Head parameters: 4 tensors
2025-09-19 06:31:15,848 - lr_scheduler - INFO - Dual group optimizer created:
2025-09-19 06:31:15,848 - lr_scheduler - INFO -   Base LR: 2.00e-05
2025-09-19 06:31:15,848 - lr_scheduler - INFO -   Head LR: 2.00e-05 (1.0x multiplier)
2025-09-19 06:31:15,848 - __main__ - INFO - Precision summary -> bf16=True, fp16=False, tf32=True
2025-09-19 06:31:15,874 - __main__ - INFO - Early stopping enabled: patience=3, min_delta=0.01, post_resample_grace=2
2025-09-19 06:31:15,874 - lr_scheduler - INFO - PyTorch LambdaLR scheduler created:
2025-09-19 06:31:15,874 - lr_scheduler - INFO -   Base LR: 2.00e-05
2025-09-19 06:31:15,875 - lr_scheduler - INFO -   Head LR multiplier: 1.0x
2025-09-19 06:31:15,875 - lr_scheduler - INFO -   Multiplier converges to 1.0 at epoch 1
2025-09-19 06:31:15,875 - lr_scheduler - INFO -   Warmup steps: 46 (10.0%)
2025-09-19 06:31:15,875 - lr_scheduler - INFO -   Total steps: 460
2025-09-19 06:31:15,875 - lr_scheduler - INFO -   Min LR: 1.00e-07
2025-09-19 06:31:15,875 - lr_scheduler - INFO -   Scheduler type: Linear
2025-09-19 06:31:15,875 - __main__ - INFO - PyTorch LambdaLR scheduler created with 460 total steps, 46 steps/epoch
2025-09-19 06:31:15,885 - __main__ - INFO - Training setup:
2025-09-19 06:31:15,885 - __main__ - INFO -   - Train samples: 3248
2025-09-19 06:31:15,885 - __main__ - INFO -   - Test samples: 784
2025-09-19 06:31:15,885 - __main__ - INFO -   - Batch size: 24
2025-09-19 06:31:15,885 - __main__ - INFO -   - Gradient accumulation: 3
2025-09-19 06:31:15,885 - __main__ - INFO -   - Effective batch size: 72
2025-09-19 06:31:15,885 - __main__ - INFO -   - Steps per epoch: 46
2025-09-19 06:31:15,885 - __main__ - INFO -   - Total epochs: 10
2025-09-19 06:31:15,885 - __main__ - INFO -   - Estimated total steps: 460
2025-09-19 06:31:15,885 - __main__ - INFO - Performing initial evaluation to establish baseline...
2025-09-19 06:31:30,044 - __main__ - INFO - Evaluation - Epoch 0, Step 0: eval_loss=0.4904, eval_accuracy=0.606, Elapsed: 0.0s
2025-09-19 06:31:30,044 - __main__ - INFO - Starting training...
2025-09-19 06:31:30,233 - __main__ - INFO - Using stratified batch sampling for training
2025-09-19 06:31:30,234 - __main__ - INFO - Stratified batching: 7 subgenres, 2 guaranteed per subgenre, 10 random slots per batch
2025-09-19 06:31:30,241 - __main__ - INFO - Training started at 2025-09-19 06:31:30
2025-09-19 06:31:30,241 - __main__ - INFO - Epoch 0: Using margin 0.500
{'eval_accuracy': 0.6058673469387755, 'eval_loss': 0.49038630723953247}
{'loss': 0.3718, 'grad_norm': 1.3982053995132446, 'learning_rate': 2e-05, 'epoch': 1.0}
2025-09-19 06:34:06,497 - __main__ - INFO - Evaluation - Epoch 1.0, Step 46: eval_loss=0.2291, eval_accuracy=0.801, Elapsed: 2m 36.3s
2025-09-19 06:34:06,498 - __main__ - INFO - Epoch 1: Using margin 0.500
{'eval_accuracy': 0.8010204081632653, 'eval_loss': 0.2291388213634491, 'epoch': 1.0}
{'loss': 0.1429, 'grad_norm': 0.8871240615844727, 'learning_rate': 1.7777777777777777e-05, 'epoch': 2.0}
2025-09-19 06:36:38,281 - __main__ - INFO - Evaluation - Epoch 2.0, Step 92: eval_loss=0.1914, eval_accuracy=0.838, Elapsed: 5m 8.0s
2025-09-19 06:36:38,282 - __main__ - INFO - Epoch 2: Using margin 0.500
{'eval_accuracy': 0.8380102040816326, 'eval_loss': 0.19136011600494385, 'epoch': 2.0}
{'loss': 0.0789, 'grad_norm': 0.6647689342498779, 'learning_rate': 1.555555555555556e-05, 'epoch': 3.0}
2025-09-19 06:39:10,190 - __main__ - INFO - Evaluation - Epoch 3.0, Step 138: eval_loss=0.2166, eval_accuracy=0.816, Elapsed: 7m 39.9s
2025-09-19 06:39:10,191 - __main__ - INFO - Epoch 3: Using margin 0.500
{'eval_accuracy': 0.8163265306122449, 'eval_loss': 0.2166096568107605, 'epoch': 3.0}
{'loss': 0.0409, 'grad_norm': 0.2134937047958374, 'learning_rate': 1.3333333333333337e-05, 'epoch': 4.0}
2025-09-19 06:41:41,872 - __main__ - INFO - Evaluation - Epoch 4.0, Step 184: eval_loss=0.1921, eval_accuracy=0.835, Elapsed: 10m 11.6s
2025-09-19 06:41:41,873 - __main__ - INFO - Epoch 4: Using margin 0.500
{'eval_accuracy': 0.8354591836734694, 'eval_loss': 0.1920892298221588, 'epoch': 4.0}
{'loss': 0.0299, 'grad_norm': 1.0784406661987305, 'learning_rate': 1.1111111111111113e-05, 'epoch': 5.0}
2025-09-19 06:44:13,323 - __main__ - INFO - Evaluation - Epoch 5.0, Step 230: eval_loss=0.2000, eval_accuracy=0.830, Elapsed: 12m 43.1s
2025-09-19 06:44:13,323 - __main__ - INFO - Epoch 5: Using margin 0.500
{'eval_accuracy': 0.8303571428571429, 'eval_loss': 0.19996285438537598, 'epoch': 5.0}
{'loss': 0.024, 'grad_norm': 0.7238274812698364, 'learning_rate': 8.888888888888888e-06, 'epoch': 6.0}
2025-09-19 06:46:44,576 - __main__ - INFO - Evaluation - Epoch 6.0, Step 276: eval_loss=0.2108, eval_accuracy=0.821, Elapsed: 15m 14.3s
2025-09-19 06:46:44,577 - __main__ - INFO - Epoch 6: Using margin 0.500
{'eval_accuracy': 0.8214285714285714, 'eval_loss': 0.21082444489002228, 'epoch': 6.0}
{'loss': 0.017, 'grad_norm': 0.0, 'learning_rate': 6.666666666666668e-06, 'epoch': 7.0}
2025-09-19 06:49:15,929 - __main__ - INFO - Evaluation - Epoch 7.0, Step 322: eval_loss=0.2088, eval_accuracy=0.819, Elapsed: 17m 45.7s
2025-09-19 06:49:15,929 - __main__ - INFO - Epoch 7: Using margin 0.500
{'eval_accuracy': 0.8188775510204082, 'eval_loss': 0.20884814858436584, 'epoch': 7.0}
{'loss': 0.011, 'grad_norm': 0.0, 'learning_rate': 4.444444444444444e-06, 'epoch': 8.0}
2025-09-19 06:51:47,408 - __main__ - INFO - Evaluation - Epoch 8.0, Step 368: eval_loss=0.2172, eval_accuracy=0.823, Elapsed: 20m 17.2s
2025-09-19 06:51:47,409 - __main__ - INFO - Epoch 8: Using margin 0.500
{'eval_accuracy': 0.8227040816326531, 'eval_loss': 0.21718527376651764, 'epoch': 8.0}
{'loss': 0.0075, 'grad_norm': 0.0, 'learning_rate': 2.2222222222222233e-06, 'epoch': 9.0}
2025-09-19 06:54:18,768 - __main__ - INFO - Evaluation - Epoch 9.0, Step 414: eval_loss=0.2108, eval_accuracy=0.819, Elapsed: 22m 48.5s
2025-09-19 06:54:18,769 - __main__ - INFO - Epoch 9: Using margin 0.500
{'eval_accuracy': 0.8188775510204082, 'eval_loss': 0.21081531047821045, 'epoch': 9.0}
{'loss': 0.0071, 'grad_norm': 0.6095921993255615, 'learning_rate': 4.830917874396135e-07, 'epoch': 9.794117647058824}
2025-09-19 06:56:21,163 - __main__ - INFO - Evaluation - Epoch 9.794117647058824, Step 450: eval_loss=0.2125, eval_accuracy=0.816, Elapsed: 24m 50.9s
2025-09-19 06:56:21,164 - __main__ - INFO - Training completed! Total training time: 24m 50.9s
2025-09-19 06:56:21,164 - __main__ - INFO - Training ended at 2025-09-19 06:56:21
2025-09-19 06:56:21,165 - __main__ - INFO - [EarlyStopping] Training completed normally with final best accuracy: -inf
2025-09-19 06:56:21,165 - __main__ - INFO - Saving model and artifacts...
2025-09-19 06:56:21,983 - __main__ - INFO - Model saved to run_20250919_063113/model.safetensors
2025-09-19 06:56:21,984 - __main__ - INFO - Configuration saved to run_20250919_063113/config.json
2025-09-19 06:56:21,999 - __main__ - INFO - Splits saved to run_20250919_063113/splits.json
2025-09-19 06:56:21,999 - __main__ - INFO - All training artifacts saved to run_20250919_063113
2025-09-19 06:56:21,999 - __main__ - INFO - Training completed successfully! Training time: 24m 51.1s | Results saved to: run_20250919_063113
{'eval_accuracy': 0.8163265306122449, 'eval_loss': 0.21245640516281128, 'epoch': 9.794117647058824}
{'train_runtime': 1490.9228, 'train_samples_per_second': 21.785, 'train_steps_per_second': 0.302, 'train_loss': 0.07456637991799249, 'epoch': 9.794117647058824}
[INFO] Collecting artifacts to /homes/nnebeling/thesis/runs/ast-a40.162940 ...
  -> copying run_20250919_063113
  -> skipping ast_triplet_output (empty directory)
  -> skipping logs (empty directory)
[DONE] Everything copied to: /homes/nnebeling/thesis/runs/ast-a40.162940
Job runtime: 1536 seconds (00:25:36)
