[INFO] SLURM_JOB_TMP is: /local/slurmjobs/162984
[INFO] Using GPU: 0
[INFO] Staging archive to node SSD...
'/homes/nnebeling/thesis/precomputed_7G_2Chunk.zip' -> '/local/slurmjobs/162984/precomputed_7G_2Chunk.zip'
[INFO] Unpacking on SSD...
[OK] Unpacked. Top-level contents:
.
precomputed_7G_2Chunk
precomputed_7G_2Chunk/Party House
precomputed_7G_2Chunk/Party Goa
precomputed_7G_2Chunk/Dark Techno
precomputed_7G_2Chunk/Zyzz Music
precomputed_7G_2Chunk/Chill House
precomputed_7G_2Chunk/Emotional Techno
precomputed_7G_2Chunk/Chiller vibe goa
[INFO] Starting training...
2025-09-19 15:22:04,580 - __main__ - INFO - Loading configuration...
2025-09-19 15:22:04,582 - __main__ - INFO - set_float32_matmul_precision=high
2025-09-19 15:22:04,582 - __main__ - INFO - TF32: matmul=True, cudnn=True
2025-09-19 15:22:05,102 - __main__ - INFO - Experiment: Testing 2 chunks per track
2025-09-19 15:22:05,102 - __main__ - INFO - Description: Dataset size 2x7
2025-09-19 15:22:05,104 - __main__ - INFO - Random seeds set to 13
2025-09-19 15:22:05,104 - __main__ - INFO - Loading data splits...
2025-09-19 15:22:05,104 - __main__ - INFO - Generating train/test splits from preprocessed features
2025-09-19 15:22:05,104 - __main__ - INFO - Generating track-level splits to prevent data leakage...
2025-09-19 15:22:05,105 - __main__ - INFO - Subgenre Chill House: 81 tracks, 162 chunks total
2025-09-19 15:22:05,106 - __main__ - INFO - Subgenre Chiller vibe goa: 54 tracks, 108 chunks total
2025-09-19 15:22:05,107 - __main__ - INFO - Subgenre Dark Techno: 86 tracks, 172 chunks total
2025-09-19 15:22:05,108 - __main__ - INFO - Subgenre Emotional Techno: 75 tracks, 150 chunks total
2025-09-19 15:22:05,109 - __main__ - INFO - Subgenre Party Goa: 62 tracks, 124 chunks total
2025-09-19 15:22:05,110 - __main__ - INFO - Subgenre Party House: 69 tracks, 138 chunks total
2025-09-19 15:22:05,111 - __main__ - INFO - Subgenre Zyzz Music: 77 tracks, 154 chunks total
2025-09-19 15:22:05,111 - __main__ - INFO - Subgenre Chill House: 65 train tracks, 16 test tracks
2025-09-19 15:22:05,111 - __main__ - INFO - Subgenre Chiller vibe goa: 44 train tracks, 10 test tracks
2025-09-19 15:22:05,111 - __main__ - INFO - Subgenre Dark Techno: 69 train tracks, 17 test tracks
2025-09-19 15:22:05,111 - __main__ - INFO - Subgenre Emotional Techno: 60 train tracks, 15 test tracks
2025-09-19 15:22:05,112 - __main__ - INFO - Subgenre Party Goa: 50 train tracks, 12 test tracks
2025-09-19 15:22:05,112 - __main__ - INFO - Subgenre Party House: 56 train tracks, 13 test tracks
2025-09-19 15:22:05,112 - __main__ - INFO - Subgenre Zyzz Music: 62 train tracks, 15 test tracks
2025-09-19 15:22:05,112 - __main__ - INFO - Generating training triplets from train tracks...
2025-09-19 15:22:05,112 - __main__ - INFO - Train triplet generation config:
2025-09-19 15:22:05,112 - __main__ - INFO -   Max positive tracks per anchor: 2
2025-09-19 15:22:05,112 - __main__ - INFO -   Triplets per positive track: 7
2025-09-19 15:22:05,112 - __main__ - INFO -   Expected triplets per anchor: ~14
2025-09-19 15:22:05,113 - __main__ - INFO - Train - Subgenre Chill House: 520 triplets from 65 tracks
2025-09-19 15:22:05,114 - __main__ - INFO - Train - Subgenre Chiller vibe goa: 352 triplets from 44 tracks
2025-09-19 15:22:05,115 - __main__ - INFO - Train - Subgenre Dark Techno: 552 triplets from 69 tracks
2025-09-19 15:22:05,116 - __main__ - INFO - Train - Subgenre Emotional Techno: 480 triplets from 60 tracks
2025-09-19 15:22:05,117 - __main__ - INFO - Train - Subgenre Party Goa: 400 triplets from 50 tracks
2025-09-19 15:22:05,118 - __main__ - INFO - Train - Subgenre Party House: 448 triplets from 56 tracks
2025-09-19 15:22:05,120 - __main__ - INFO - Train - Subgenre Zyzz Music: 496 triplets from 62 tracks
2025-09-19 15:22:05,120 - __main__ - INFO - Generating test triplets from test tracks...
2025-09-19 15:22:05,120 - __main__ - INFO - Test triplet generation config:
2025-09-19 15:22:05,120 - __main__ - INFO -   Max positive tracks per anchor: 2
2025-09-19 15:22:05,120 - __main__ - INFO -   Triplets per positive track: 7
2025-09-19 15:22:05,120 - __main__ - INFO -   Expected triplets per anchor: ~14
2025-09-19 15:22:05,120 - __main__ - INFO - Test - Subgenre Chill House: 128 triplets from 16 tracks
2025-09-19 15:22:05,120 - __main__ - INFO - Test - Subgenre Chiller vibe goa: 80 triplets from 10 tracks
2025-09-19 15:22:05,121 - __main__ - INFO - Test - Subgenre Dark Techno: 136 triplets from 17 tracks
2025-09-19 15:22:05,121 - __main__ - INFO - Test - Subgenre Emotional Techno: 120 triplets from 15 tracks
2025-09-19 15:22:05,121 - __main__ - INFO - Test - Subgenre Party Goa: 96 triplets from 12 tracks
2025-09-19 15:22:05,121 - __main__ - INFO - Test - Subgenre Party House: 104 triplets from 13 tracks
2025-09-19 15:22:05,122 - __main__ - INFO - Test - Subgenre Zyzz Music: 120 triplets from 15 tracks
2025-09-19 15:22:05,122 - __main__ - INFO - ✓ NO DATA LEAKAGE: 406 unique train tracks, 98 unique test tracks
2025-09-19 15:22:05,122 - __main__ - INFO - Total: 3248 train triplets, 784 test triplets
2025-09-19 15:22:05,122 - __main__ - INFO - Creating datasets...
2025-09-19 15:22:05,162 - __main__ - INFO - Initialized dataset (train) with 3248 triplets (resample_train_samples=False)
2025-09-19 15:22:05,171 - __main__ - INFO - Initialized dataset (test) with 784 triplets (resample_train_samples=False)
2025-09-19 15:22:05,171 - __main__ - INFO - Initializing model...
2025-09-19 15:22:05,172 - __main__ - INFO - Using device: cuda
2025-09-19 15:22:05,172 - __main__ - INFO - Loading pretrained model: MIT/ast-finetuned-audioset-10-10-0.4593
2025-09-19 15:22:06,761 - __main__ - INFO - MLP Projection Head Architecture: 768 -> 512 -> 128
2025-09-19 15:22:06,761 - __main__ - INFO -   Activation: relu, Dropout: 0.15
2025-09-19 15:22:06,761 - __main__ - INFO -   Total parameters: 459,392
2025-09-19 15:22:06,761 - __main__ - INFO - Model initialized with projection to 128D
2025-09-19 15:22:06,761 - __main__ - INFO - Margin scheduling: 0.5 → 0.5 over 1 epochs
2025-09-19 15:22:06,762 - __main__ - INFO - Negative mining: none
2025-09-19 15:22:07,051 - __main__ - INFO - Using custom dual-group optimizer with sophisticated LR scheduling
2025-09-19 15:22:07,052 - lr_scheduler - INFO - Parameter groups created:
2025-09-19 15:22:07,052 - lr_scheduler - INFO -   Base parameters: 199 tensors
2025-09-19 15:22:07,052 - lr_scheduler - INFO -   Head parameters: 4 tensors
2025-09-19 15:22:07,052 - lr_scheduler - INFO - Dual group optimizer created:
2025-09-19 15:22:07,052 - lr_scheduler - INFO -   Base LR: 2.00e-05
2025-09-19 15:22:07,053 - lr_scheduler - INFO -   Head LR: 2.00e-05 (1.0x multiplier)
2025-09-19 15:22:07,053 - __main__ - INFO - Precision summary -> bf16=True, fp16=False, tf32=True
2025-09-19 15:22:07,079 - __main__ - INFO - Early stopping enabled: patience=3, min_delta=0.01, post_resample_grace=2
2025-09-19 15:22:07,079 - lr_scheduler - INFO - PyTorch LambdaLR scheduler created:
2025-09-19 15:22:07,079 - lr_scheduler - INFO -   Base LR: 2.00e-05
2025-09-19 15:22:07,079 - lr_scheduler - INFO -   Head LR multiplier: 1.0x
2025-09-19 15:22:07,079 - lr_scheduler - INFO -   Multiplier converges to 1.0 at epoch 1
2025-09-19 15:22:07,080 - lr_scheduler - INFO -   Warmup steps: 46 (10.0%)
2025-09-19 15:22:07,080 - lr_scheduler - INFO -   Total steps: 460
2025-09-19 15:22:07,080 - lr_scheduler - INFO -   Min LR: 1.00e-07
2025-09-19 15:22:07,080 - lr_scheduler - INFO -   Scheduler type: Linear
2025-09-19 15:22:07,080 - __main__ - INFO - PyTorch LambdaLR scheduler created with 460 total steps, 46 steps/epoch
2025-09-19 15:22:07,087 - __main__ - INFO - Training setup:
2025-09-19 15:22:07,087 - __main__ - INFO -   - Train samples: 3248
2025-09-19 15:22:07,088 - __main__ - INFO -   - Test samples: 784
2025-09-19 15:22:07,088 - __main__ - INFO -   - Batch size: 24
2025-09-19 15:22:07,088 - __main__ - INFO -   - Gradient accumulation: 3
2025-09-19 15:22:07,088 - __main__ - INFO -   - Effective batch size: 72
2025-09-19 15:22:07,088 - __main__ - INFO -   - Steps per epoch: 46
2025-09-19 15:22:07,088 - __main__ - INFO -   - Total epochs: 10
2025-09-19 15:22:07,088 - __main__ - INFO -   - Estimated total steps: 460
2025-09-19 15:22:07,088 - __main__ - INFO - Performing initial evaluation to establish baseline...
2025-09-19 15:22:20,231 - __main__ - INFO - Evaluation - Epoch 0, Step 0: eval_loss=0.4903, eval_accuracy=0.621, Elapsed: 0.0s
2025-09-19 15:22:20,231 - __main__ - INFO - Starting training...
2025-09-19 15:22:20,605 - __main__ - INFO - Using stratified batch sampling for training
2025-09-19 15:22:20,606 - __main__ - INFO - Stratified batching: 7 subgenres, 2 guaranteed per subgenre, 10 random slots per batch
2025-09-19 15:22:20,613 - __main__ - INFO - Training started at 2025-09-19 15:22:20
2025-09-19 15:22:20,613 - __main__ - INFO - Epoch 0: Using margin 0.500
{'eval_accuracy': 0.6211734693877551, 'eval_loss': 0.4903123378753662}
{'loss': 0.3766, 'grad_norm': 1.065241813659668, 'learning_rate': 2e-05, 'epoch': 1.0}
2025-09-19 15:24:57,915 - __main__ - INFO - Evaluation - Epoch 1.0, Step 46: eval_loss=0.2642, eval_accuracy=0.788, Elapsed: 2m 37.3s
2025-09-19 15:24:57,916 - __main__ - INFO - Epoch 1: Using margin 0.500
{'eval_accuracy': 0.7882653061224489, 'eval_loss': 0.2641660273075104, 'epoch': 1.0}
{'loss': 0.1367, 'grad_norm': 1.0896621942520142, 'learning_rate': 1.7777777777777777e-05, 'epoch': 2.0}
2025-09-19 15:27:31,045 - __main__ - INFO - Evaluation - Epoch 2.0, Step 92: eval_loss=0.2197, eval_accuracy=0.815, Elapsed: 5m 10.4s
2025-09-19 15:27:31,046 - __main__ - INFO - Epoch 2: Using margin 0.500
{'eval_accuracy': 0.8150510204081632, 'eval_loss': 0.21974672377109528, 'epoch': 2.0}
{'loss': 0.0695, 'grad_norm': 0.4088250994682312, 'learning_rate': 1.555555555555556e-05, 'epoch': 3.0}
2025-09-19 15:30:03,375 - __main__ - INFO - Evaluation - Epoch 3.0, Step 138: eval_loss=0.1983, eval_accuracy=0.834, Elapsed: 7m 42.8s
2025-09-19 15:30:03,376 - __main__ - INFO - Epoch 3: Using margin 0.500
{'eval_accuracy': 0.8341836734693877, 'eval_loss': 0.19827339053153992, 'epoch': 3.0}
{'loss': 0.0434, 'grad_norm': 0.5977478623390198, 'learning_rate': 1.3333333333333337e-05, 'epoch': 4.0}
2025-09-19 15:32:35,495 - __main__ - INFO - Evaluation - Epoch 4.0, Step 184: eval_loss=0.1942, eval_accuracy=0.842, Elapsed: 10m 14.9s
2025-09-19 15:32:35,496 - __main__ - INFO - Epoch 4: Using margin 0.500
{'eval_accuracy': 0.8418367346938775, 'eval_loss': 0.19419251382350922, 'epoch': 4.0}
{'loss': 0.0314, 'grad_norm': 0.36403021216392517, 'learning_rate': 1.1111111111111113e-05, 'epoch': 5.0}
2025-09-19 15:35:07,592 - __main__ - INFO - Evaluation - Epoch 5.0, Step 230: eval_loss=0.1955, eval_accuracy=0.835, Elapsed: 12m 47.0s
2025-09-19 15:35:07,593 - __main__ - INFO - Epoch 5: Using margin 0.500
{'eval_accuracy': 0.8354591836734694, 'eval_loss': 0.19545318186283112, 'epoch': 5.0}
{'loss': 0.0231, 'grad_norm': 0.34232306480407715, 'learning_rate': 8.888888888888888e-06, 'epoch': 6.0}
2025-09-19 15:37:40,165 - __main__ - INFO - Evaluation - Epoch 6.0, Step 276: eval_loss=0.1991, eval_accuracy=0.837, Elapsed: 15m 19.6s
2025-09-19 15:37:40,166 - __main__ - INFO - Epoch 6: Using margin 0.500
{'eval_accuracy': 0.8367346938775511, 'eval_loss': 0.1991329938173294, 'epoch': 6.0}
{'loss': 0.0165, 'grad_norm': 0.0, 'learning_rate': 6.666666666666668e-06, 'epoch': 7.0}
2025-09-19 15:40:12,429 - __main__ - INFO - Evaluation - Epoch 7.0, Step 322: eval_loss=0.2081, eval_accuracy=0.834, Elapsed: 17m 51.8s
2025-09-19 15:40:12,429 - __main__ - INFO - Epoch 7: Using margin 0.500
{'eval_accuracy': 0.8341836734693877, 'eval_loss': 0.20813104510307312, 'epoch': 7.0}
{'loss': 0.0107, 'grad_norm': 0.18572264909744263, 'learning_rate': 4.444444444444444e-06, 'epoch': 8.0}
2025-09-19 15:42:44,631 - __main__ - INFO - Evaluation - Epoch 8.0, Step 368: eval_loss=0.2103, eval_accuracy=0.830, Elapsed: 20m 24.0s
2025-09-19 15:42:44,631 - __main__ - INFO - Epoch 8: Using margin 0.500
{'eval_accuracy': 0.8303571428571429, 'eval_loss': 0.2103470414876938, 'epoch': 8.0}
{'loss': 0.0078, 'grad_norm': 0.7267628908157349, 'learning_rate': 2.2222222222222233e-06, 'epoch': 9.0}
2025-09-19 15:45:16,685 - __main__ - INFO - Evaluation - Epoch 9.0, Step 414: eval_loss=0.2123, eval_accuracy=0.839, Elapsed: 22m 56.1s
2025-09-19 15:45:16,686 - __main__ - INFO - Epoch 9: Using margin 0.500
{'eval_accuracy': 0.8392857142857143, 'eval_loss': 0.21234212815761566, 'epoch': 9.0}
{'loss': 0.0053, 'grad_norm': 0.6232575178146362, 'learning_rate': 4.830917874396135e-07, 'epoch': 9.794117647058824}
2025-09-19 15:47:20,138 - __main__ - INFO - Evaluation - Epoch 9.794117647058824, Step 450: eval_loss=0.2084, eval_accuracy=0.839, Elapsed: 24m 59.5s
2025-09-19 15:47:20,140 - __main__ - INFO - Training completed! Total training time: 24m 59.5s
2025-09-19 15:47:20,140 - __main__ - INFO - Training ended at 2025-09-19 15:47:20
2025-09-19 15:47:20,140 - __main__ - INFO - [EarlyStopping] Training completed normally with final best accuracy: -inf
2025-09-19 15:47:20,140 - __main__ - INFO - Saving model and artifacts...
2025-09-19 15:47:21,335 - __main__ - INFO - Model saved to run_20250919_152205/model.safetensors
2025-09-19 15:47:21,337 - __main__ - INFO - Configuration saved to run_20250919_152205/config.json
2025-09-19 15:47:21,353 - __main__ - INFO - Splits saved to run_20250919_152205/splits.json
2025-09-19 15:47:21,353 - __main__ - INFO - All training artifacts saved to run_20250919_152205
2025-09-19 15:47:21,353 - __main__ - INFO - Training completed successfully! Training time: 24m 59.9s | Results saved to: run_20250919_152205
{'eval_accuracy': 0.8392857142857143, 'eval_loss': 0.20837269723415375, 'epoch': 9.794117647058824}
{'train_runtime': 1499.526, 'train_samples_per_second': 21.66, 'train_steps_per_second': 0.3, 'train_loss': 0.07359173314438926, 'epoch': 9.794117647058824}
[INFO] Collecting artifacts to /homes/nnebeling/thesis/runs/ast-a40.162984 ...
  -> copying run_20250919_152205
  -> skipping ast_triplet_output (empty directory)
  -> skipping logs (empty directory)
[DONE] Everything copied to: /homes/nnebeling/thesis/runs/ast-a40.162984
Job runtime: 1532 seconds (00:25:32)
