[INFO] SLURM_JOB_TMP is: /local/slurmjobs/162980
[INFO] Using GPU: 0
[INFO] Staging archive to node SSD...
'/homes/nnebeling/thesis/precomputed_7G_2Chunk.zip' -> '/local/slurmjobs/162980/precomputed_7G_2Chunk.zip'
[INFO] Unpacking on SSD...
[OK] Unpacked. Top-level contents:
.
precomputed_7G_2Chunk
precomputed_7G_2Chunk/Chill House
precomputed_7G_2Chunk/Zyzz Music
precomputed_7G_2Chunk/Emotional Techno
precomputed_7G_2Chunk/Party House
precomputed_7G_2Chunk/Chiller vibe goa
precomputed_7G_2Chunk/Dark Techno
precomputed_7G_2Chunk/Party Goa
[INFO] Starting training...
2025-09-19 14:56:34,235 - __main__ - INFO - Loading configuration...
2025-09-19 14:56:34,236 - __main__ - INFO - set_float32_matmul_precision=high
2025-09-19 14:56:34,236 - __main__ - INFO - TF32: matmul=True, cudnn=True
2025-09-19 14:56:34,615 - __main__ - INFO - Experiment: Testing 2 chunks per track
2025-09-19 14:56:34,615 - __main__ - INFO - Description: Dataset size 2x3
2025-09-19 14:56:34,620 - __main__ - INFO - Random seeds set to 13
2025-09-19 14:56:34,620 - __main__ - INFO - Loading data splits...
2025-09-19 14:56:34,620 - __main__ - INFO - Generating train/test splits from preprocessed features
2025-09-19 14:56:34,620 - __main__ - INFO - Generating track-level splits to prevent data leakage...
2025-09-19 14:56:34,621 - __main__ - INFO - Subgenre Chill House: 81 tracks, 162 chunks total
2025-09-19 14:56:34,622 - __main__ - INFO - Subgenre Chiller vibe goa: 54 tracks, 108 chunks total
2025-09-19 14:56:34,623 - __main__ - INFO - Subgenre Dark Techno: 86 tracks, 172 chunks total
2025-09-19 14:56:34,624 - __main__ - INFO - Subgenre Emotional Techno: 75 tracks, 150 chunks total
2025-09-19 14:56:34,625 - __main__ - INFO - Subgenre Party Goa: 62 tracks, 124 chunks total
2025-09-19 14:56:34,626 - __main__ - INFO - Subgenre Party House: 69 tracks, 138 chunks total
2025-09-19 14:56:34,627 - __main__ - INFO - Subgenre Zyzz Music: 77 tracks, 154 chunks total
2025-09-19 14:56:34,627 - __main__ - INFO - Subgenre Chill House: 65 train tracks, 16 test tracks
2025-09-19 14:56:34,627 - __main__ - INFO - Subgenre Chiller vibe goa: 44 train tracks, 10 test tracks
2025-09-19 14:56:34,627 - __main__ - INFO - Subgenre Dark Techno: 69 train tracks, 17 test tracks
2025-09-19 14:56:34,627 - __main__ - INFO - Subgenre Emotional Techno: 60 train tracks, 15 test tracks
2025-09-19 14:56:34,627 - __main__ - INFO - Subgenre Party Goa: 50 train tracks, 12 test tracks
2025-09-19 14:56:34,627 - __main__ - INFO - Subgenre Party House: 56 train tracks, 13 test tracks
2025-09-19 14:56:34,627 - __main__ - INFO - Subgenre Zyzz Music: 62 train tracks, 15 test tracks
2025-09-19 14:56:34,627 - __main__ - INFO - Generating training triplets from train tracks...
2025-09-19 14:56:34,627 - __main__ - INFO - Train triplet generation config:
2025-09-19 14:56:34,627 - __main__ - INFO -   Max positive tracks per anchor: 2
2025-09-19 14:56:34,627 - __main__ - INFO -   Triplets per positive track: 3
2025-09-19 14:56:34,628 - __main__ - INFO -   Expected triplets per anchor: ~6
2025-09-19 14:56:34,629 - __main__ - INFO - Train - Subgenre Chill House: 520 triplets from 65 tracks
2025-09-19 14:56:34,630 - __main__ - INFO - Train - Subgenre Chiller vibe goa: 352 triplets from 44 tracks
2025-09-19 14:56:34,631 - __main__ - INFO - Train - Subgenre Dark Techno: 552 triplets from 69 tracks
2025-09-19 14:56:34,632 - __main__ - INFO - Train - Subgenre Emotional Techno: 480 triplets from 60 tracks
2025-09-19 14:56:34,633 - __main__ - INFO - Train - Subgenre Party Goa: 400 triplets from 50 tracks
2025-09-19 14:56:34,634 - __main__ - INFO - Train - Subgenre Party House: 448 triplets from 56 tracks
2025-09-19 14:56:34,635 - __main__ - INFO - Train - Subgenre Zyzz Music: 496 triplets from 62 tracks
2025-09-19 14:56:34,635 - __main__ - INFO - Generating test triplets from test tracks...
2025-09-19 14:56:34,635 - __main__ - INFO - Test triplet generation config:
2025-09-19 14:56:34,635 - __main__ - INFO -   Max positive tracks per anchor: 2
2025-09-19 14:56:34,635 - __main__ - INFO -   Triplets per positive track: 3
2025-09-19 14:56:34,635 - __main__ - INFO -   Expected triplets per anchor: ~6
2025-09-19 14:56:34,635 - __main__ - INFO - Test - Subgenre Chill House: 128 triplets from 16 tracks
2025-09-19 14:56:34,636 - __main__ - INFO - Test - Subgenre Chiller vibe goa: 80 triplets from 10 tracks
2025-09-19 14:56:34,636 - __main__ - INFO - Test - Subgenre Dark Techno: 136 triplets from 17 tracks
2025-09-19 14:56:34,636 - __main__ - INFO - Test - Subgenre Emotional Techno: 120 triplets from 15 tracks
2025-09-19 14:56:34,636 - __main__ - INFO - Test - Subgenre Party Goa: 96 triplets from 12 tracks
2025-09-19 14:56:34,637 - __main__ - INFO - Test - Subgenre Party House: 104 triplets from 13 tracks
2025-09-19 14:56:34,637 - __main__ - INFO - Test - Subgenre Zyzz Music: 120 triplets from 15 tracks
2025-09-19 14:56:34,637 - __main__ - INFO - ✓ NO DATA LEAKAGE: 406 unique train tracks, 98 unique test tracks
2025-09-19 14:56:34,637 - __main__ - INFO - Total: 3248 train triplets, 784 test triplets
2025-09-19 14:56:34,637 - __main__ - INFO - Creating datasets...
2025-09-19 14:56:34,676 - __main__ - INFO - Initialized dataset (train) with 3248 triplets (resample_train_samples=False)
2025-09-19 14:56:34,685 - __main__ - INFO - Initialized dataset (test) with 784 triplets (resample_train_samples=False)
2025-09-19 14:56:34,685 - __main__ - INFO - Initializing model...
2025-09-19 14:56:34,685 - __main__ - INFO - Using device: cuda
2025-09-19 14:56:34,685 - __main__ - INFO - Loading pretrained model: MIT/ast-finetuned-audioset-10-10-0.4593
2025-09-19 14:56:37,042 - __main__ - INFO - MLP Projection Head Architecture: 768 -> 512 -> 128
2025-09-19 14:56:37,042 - __main__ - INFO -   Activation: relu, Dropout: 0.15
2025-09-19 14:56:37,043 - __main__ - INFO -   Total parameters: 459,392
2025-09-19 14:56:37,043 - __main__ - INFO - Model initialized with projection to 128D
2025-09-19 14:56:37,043 - __main__ - INFO - Margin scheduling: 0.5 → 0.5 over 1 epochs
2025-09-19 14:56:37,043 - __main__ - INFO - Negative mining: none
2025-09-19 14:56:37,308 - __main__ - INFO - Using custom dual-group optimizer with sophisticated LR scheduling
2025-09-19 14:56:37,308 - lr_scheduler - INFO - Parameter groups created:
2025-09-19 14:56:37,308 - lr_scheduler - INFO -   Base parameters: 199 tensors
2025-09-19 14:56:37,308 - lr_scheduler - INFO -   Head parameters: 4 tensors
2025-09-19 14:56:37,309 - lr_scheduler - INFO - Dual group optimizer created:
2025-09-19 14:56:37,309 - lr_scheduler - INFO -   Base LR: 2.00e-05
2025-09-19 14:56:37,309 - lr_scheduler - INFO -   Head LR: 2.00e-05 (1.0x multiplier)
2025-09-19 14:56:37,309 - __main__ - INFO - Precision summary -> bf16=True, fp16=False, tf32=True
2025-09-19 14:56:37,333 - __main__ - INFO - Early stopping enabled: patience=3, min_delta=0.01, post_resample_grace=2
2025-09-19 14:56:37,334 - lr_scheduler - INFO - PyTorch LambdaLR scheduler created:
2025-09-19 14:56:37,334 - lr_scheduler - INFO -   Base LR: 2.00e-05
2025-09-19 14:56:37,334 - lr_scheduler - INFO -   Head LR multiplier: 1.0x
2025-09-19 14:56:37,334 - lr_scheduler - INFO -   Multiplier converges to 1.0 at epoch 1
2025-09-19 14:56:37,334 - lr_scheduler - INFO -   Warmup steps: 46 (10.0%)
2025-09-19 14:56:37,334 - lr_scheduler - INFO -   Total steps: 460
2025-09-19 14:56:37,334 - lr_scheduler - INFO -   Min LR: 1.00e-07
2025-09-19 14:56:37,334 - lr_scheduler - INFO -   Scheduler type: Linear
2025-09-19 14:56:37,334 - __main__ - INFO - PyTorch LambdaLR scheduler created with 460 total steps, 46 steps/epoch
2025-09-19 14:56:37,344 - __main__ - INFO - Training setup:
2025-09-19 14:56:37,344 - __main__ - INFO -   - Train samples: 3248
2025-09-19 14:56:37,344 - __main__ - INFO -   - Test samples: 784
2025-09-19 14:56:37,344 - __main__ - INFO -   - Batch size: 24
2025-09-19 14:56:37,345 - __main__ - INFO -   - Gradient accumulation: 3
2025-09-19 14:56:37,345 - __main__ - INFO -   - Effective batch size: 72
2025-09-19 14:56:37,345 - __main__ - INFO -   - Steps per epoch: 46
2025-09-19 14:56:37,345 - __main__ - INFO -   - Total epochs: 10
2025-09-19 14:56:37,345 - __main__ - INFO -   - Estimated total steps: 460
2025-09-19 14:56:37,345 - __main__ - INFO - Performing initial evaluation to establish baseline...
2025-09-19 14:56:51,742 - __main__ - INFO - Evaluation - Epoch 0, Step 0: eval_loss=0.4903, eval_accuracy=0.621, Elapsed: 0.0s
2025-09-19 14:56:51,743 - __main__ - INFO - Starting training...
2025-09-19 14:56:51,932 - __main__ - INFO - Using stratified batch sampling for training
2025-09-19 14:56:51,933 - __main__ - INFO - Stratified batching: 7 subgenres, 2 guaranteed per subgenre, 10 random slots per batch
2025-09-19 14:56:51,941 - __main__ - INFO - Training started at 2025-09-19 14:56:51
2025-09-19 14:56:51,941 - __main__ - INFO - Epoch 0: Using margin 0.500
{'eval_accuracy': 0.6211734693877551, 'eval_loss': 0.4903123378753662}
{'loss': 0.3767, 'grad_norm': 1.0715028047561646, 'learning_rate': 2e-05, 'epoch': 1.0}
2025-09-19 14:59:28,013 - __main__ - INFO - Evaluation - Epoch 1.0, Step 46: eval_loss=0.2689, eval_accuracy=0.787, Elapsed: 2m 36.1s
2025-09-19 14:59:28,014 - __main__ - INFO - Epoch 1: Using margin 0.500
{'eval_accuracy': 0.7869897959183674, 'eval_loss': 0.26889321208000183, 'epoch': 1.0}
{'loss': 0.1391, 'grad_norm': 0.7927547097206116, 'learning_rate': 1.7777777777777777e-05, 'epoch': 2.0}
2025-09-19 15:02:00,520 - __main__ - INFO - Evaluation - Epoch 2.0, Step 92: eval_loss=0.2270, eval_accuracy=0.809, Elapsed: 5m 8.6s
2025-09-19 15:02:00,521 - __main__ - INFO - Epoch 2: Using margin 0.500
{'eval_accuracy': 0.8086734693877551, 'eval_loss': 0.22701707482337952, 'epoch': 2.0}
{'loss': 0.0702, 'grad_norm': 0.47719165682792664, 'learning_rate': 1.555555555555556e-05, 'epoch': 3.0}
2025-09-19 15:04:32,854 - __main__ - INFO - Evaluation - Epoch 3.0, Step 138: eval_loss=0.2001, eval_accuracy=0.824, Elapsed: 7m 40.9s
2025-09-19 15:04:32,855 - __main__ - INFO - Epoch 3: Using margin 0.500
{'eval_accuracy': 0.8239795918367347, 'eval_loss': 0.2000529170036316, 'epoch': 3.0}
{'loss': 0.0431, 'grad_norm': 0.5470284223556519, 'learning_rate': 1.3333333333333337e-05, 'epoch': 4.0}
2025-09-19 15:07:04,338 - __main__ - INFO - Evaluation - Epoch 4.0, Step 184: eval_loss=0.1984, eval_accuracy=0.830, Elapsed: 10m 12.4s
2025-09-19 15:07:04,339 - __main__ - INFO - Epoch 4: Using margin 0.500
{'eval_accuracy': 0.8303571428571429, 'eval_loss': 0.19840030372142792, 'epoch': 4.0}
{'loss': 0.0311, 'grad_norm': 0.44467973709106445, 'learning_rate': 1.1111111111111113e-05, 'epoch': 5.0}
2025-09-19 15:09:36,249 - __main__ - INFO - Evaluation - Epoch 5.0, Step 230: eval_loss=0.2006, eval_accuracy=0.834, Elapsed: 12m 44.3s
2025-09-19 15:09:36,249 - __main__ - INFO - Epoch 5: Using margin 0.500
{'eval_accuracy': 0.8341836734693877, 'eval_loss': 0.20058302581310272, 'epoch': 5.0}
{'loss': 0.0225, 'grad_norm': 0.6761987805366516, 'learning_rate': 8.888888888888888e-06, 'epoch': 6.0}
2025-09-19 15:12:07,564 - __main__ - INFO - Evaluation - Epoch 6.0, Step 276: eval_loss=0.2064, eval_accuracy=0.825, Elapsed: 15m 15.6s
2025-09-19 15:12:07,565 - __main__ - INFO - Epoch 6: Using margin 0.500
{'eval_accuracy': 0.8252551020408163, 'eval_loss': 0.20640739798545837, 'epoch': 6.0}
{'loss': 0.0176, 'grad_norm': 0.0, 'learning_rate': 6.666666666666668e-06, 'epoch': 7.0}
2025-09-19 15:14:38,839 - __main__ - INFO - Evaluation - Epoch 7.0, Step 322: eval_loss=0.2055, eval_accuracy=0.829, Elapsed: 17m 46.9s
2025-09-19 15:14:38,839 - __main__ - INFO - Epoch 7: Using margin 0.500
{'eval_accuracy': 0.8290816326530612, 'eval_loss': 0.20545116066932678, 'epoch': 7.0}
{'loss': 0.011, 'grad_norm': 0.16337768733501434, 'learning_rate': 4.444444444444444e-06, 'epoch': 8.0}
2025-09-19 15:17:09,892 - __main__ - INFO - Evaluation - Epoch 8.0, Step 368: eval_loss=0.2071, eval_accuracy=0.838, Elapsed: 20m 18.0s
2025-09-19 15:17:09,893 - __main__ - INFO - Epoch 8: Using margin 0.500
{'eval_accuracy': 0.8380102040816326, 'eval_loss': 0.20705044269561768, 'epoch': 8.0}
{'loss': 0.0075, 'grad_norm': 0.0, 'learning_rate': 2.2222222222222233e-06, 'epoch': 9.0}
2025-09-19 15:19:40,841 - __main__ - INFO - Evaluation - Epoch 9.0, Step 414: eval_loss=0.2042, eval_accuracy=0.844, Elapsed: 22m 48.9s
2025-09-19 15:19:40,842 - __main__ - INFO - Epoch 9: Using margin 0.500
{'eval_accuracy': 0.8443877551020408, 'eval_loss': 0.2042451798915863, 'epoch': 9.0}
{'loss': 0.0054, 'grad_norm': 0.5787865519523621, 'learning_rate': 4.830917874396135e-07, 'epoch': 9.794117647058824}
2025-09-19 15:21:43,647 - __main__ - INFO - Evaluation - Epoch 9.794117647058824, Step 450: eval_loss=0.2089, eval_accuracy=0.835, Elapsed: 24m 51.7s
2025-09-19 15:21:43,649 - __main__ - INFO - Training completed! Total training time: 24m 51.7s
2025-09-19 15:21:43,649 - __main__ - INFO - Training ended at 2025-09-19 15:21:43
2025-09-19 15:21:43,650 - __main__ - INFO - [EarlyStopping] Training completed normally with final best accuracy: -inf
2025-09-19 15:21:43,650 - __main__ - INFO - Saving model and artifacts...
2025-09-19 15:21:44,893 - __main__ - INFO - Model saved to run_20250919_145634/model.safetensors
2025-09-19 15:21:44,895 - __main__ - INFO - Configuration saved to run_20250919_145634/config.json
2025-09-19 15:21:44,911 - __main__ - INFO - Splits saved to run_20250919_145634/splits.json
2025-09-19 15:21:44,912 - __main__ - INFO - All training artifacts saved to run_20250919_145634
2025-09-19 15:21:44,912 - __main__ - INFO - Training completed successfully! Training time: 24m 51.9s | Results saved to: run_20250919_145634
{'eval_accuracy': 0.8354591836734694, 'eval_loss': 0.2088574767112732, 'epoch': 9.794117647058824}
{'train_runtime': 1491.7075, 'train_samples_per_second': 21.774, 'train_steps_per_second': 0.302, 'train_loss': 0.0739078379670779, 'epoch': 9.794117647058824}
[INFO] Collecting artifacts to /homes/nnebeling/thesis/runs/ast-a40.162980 ...
  -> copying run_20250919_145634
  -> skipping ast_triplet_output (empty directory)
  -> skipping logs (empty directory)
[DONE] Everything copied to: /homes/nnebeling/thesis/runs/ast-a40.162980
Job runtime: 1534 seconds (00:25:34)
