[INFO] SLURM_JOB_TMP is: /local/slurmjobs/162943
[INFO] Using GPU: 0
[INFO] Staging archive to node SSD...
'/homes/nnebeling/thesis/precomputed_7G_2Chunk.zip' -> '/local/slurmjobs/162943/precomputed_7G_2Chunk.zip'
[INFO] Unpacking on SSD...
[OK] Unpacked. Top-level contents:
.
precomputed_7G_2Chunk
precomputed_7G_2Chunk/Party House
precomputed_7G_2Chunk/Party Goa
precomputed_7G_2Chunk/Dark Techno
precomputed_7G_2Chunk/Zyzz Music
precomputed_7G_2Chunk/Chill House
precomputed_7G_2Chunk/Emotional Techno
precomputed_7G_2Chunk/Chiller vibe goa
[INFO] Starting training...
2025-09-19 08:01:03,949 - __main__ - INFO - Loading configuration...
2025-09-19 08:01:03,950 - __main__ - INFO - set_float32_matmul_precision=high
2025-09-19 08:01:03,951 - __main__ - INFO - TF32: matmul=True, cudnn=True
2025-09-19 08:01:04,345 - __main__ - INFO - Experiment: Testing 2 chunks per track
2025-09-19 08:01:04,345 - __main__ - INFO - Description: Dataset size 1x7
2025-09-19 08:01:04,350 - __main__ - INFO - Random seeds set to 23
2025-09-19 08:01:04,350 - __main__ - INFO - Loading data splits...
2025-09-19 08:01:04,350 - __main__ - INFO - Generating train/test splits from preprocessed features
2025-09-19 08:01:04,350 - __main__ - INFO - Generating track-level splits to prevent data leakage...
2025-09-19 08:01:04,352 - __main__ - INFO - Subgenre Chill House: 81 tracks, 162 chunks total
2025-09-19 08:01:04,352 - __main__ - INFO - Subgenre Chiller vibe goa: 54 tracks, 108 chunks total
2025-09-19 08:01:04,353 - __main__ - INFO - Subgenre Dark Techno: 86 tracks, 172 chunks total
2025-09-19 08:01:04,354 - __main__ - INFO - Subgenre Emotional Techno: 75 tracks, 150 chunks total
2025-09-19 08:01:04,355 - __main__ - INFO - Subgenre Party Goa: 62 tracks, 124 chunks total
2025-09-19 08:01:04,356 - __main__ - INFO - Subgenre Party House: 69 tracks, 138 chunks total
2025-09-19 08:01:04,357 - __main__ - INFO - Subgenre Zyzz Music: 77 tracks, 154 chunks total
2025-09-19 08:01:04,357 - __main__ - INFO - Subgenre Chill House: 65 train tracks, 16 test tracks
2025-09-19 08:01:04,357 - __main__ - INFO - Subgenre Chiller vibe goa: 44 train tracks, 10 test tracks
2025-09-19 08:01:04,358 - __main__ - INFO - Subgenre Dark Techno: 69 train tracks, 17 test tracks
2025-09-19 08:01:04,358 - __main__ - INFO - Subgenre Emotional Techno: 60 train tracks, 15 test tracks
2025-09-19 08:01:04,358 - __main__ - INFO - Subgenre Party Goa: 50 train tracks, 12 test tracks
2025-09-19 08:01:04,358 - __main__ - INFO - Subgenre Party House: 56 train tracks, 13 test tracks
2025-09-19 08:01:04,358 - __main__ - INFO - Subgenre Zyzz Music: 62 train tracks, 15 test tracks
2025-09-19 08:01:04,358 - __main__ - INFO - Generating training triplets from train tracks...
2025-09-19 08:01:04,358 - __main__ - INFO - Train triplet generation config:
2025-09-19 08:01:04,358 - __main__ - INFO -   Max positive tracks per anchor: 7
2025-09-19 08:01:04,358 - __main__ - INFO -   Triplets per positive track: 1
2025-09-19 08:01:04,358 - __main__ - INFO -   Expected triplets per anchor: ~7
2025-09-19 08:01:04,360 - __main__ - INFO - Train - Subgenre Chill House: 910 triplets from 65 tracks
2025-09-19 08:01:04,362 - __main__ - INFO - Train - Subgenre Chiller vibe goa: 616 triplets from 44 tracks
2025-09-19 08:01:04,364 - __main__ - INFO - Train - Subgenre Dark Techno: 966 triplets from 69 tracks
2025-09-19 08:01:04,366 - __main__ - INFO - Train - Subgenre Emotional Techno: 840 triplets from 60 tracks
2025-09-19 08:01:04,367 - __main__ - INFO - Train - Subgenre Party Goa: 700 triplets from 50 tracks
2025-09-19 08:01:04,369 - __main__ - INFO - Train - Subgenre Party House: 784 triplets from 56 tracks
2025-09-19 08:01:04,372 - __main__ - INFO - Train - Subgenre Zyzz Music: 868 triplets from 62 tracks
2025-09-19 08:01:04,372 - __main__ - INFO - Generating test triplets from test tracks...
2025-09-19 08:01:04,372 - __main__ - INFO - Test triplet generation config:
2025-09-19 08:01:04,372 - __main__ - INFO -   Max positive tracks per anchor: 7
2025-09-19 08:01:04,372 - __main__ - INFO -   Triplets per positive track: 1
2025-09-19 08:01:04,372 - __main__ - INFO -   Expected triplets per anchor: ~7
2025-09-19 08:01:04,373 - __main__ - INFO - Test - Subgenre Chill House: 224 triplets from 16 tracks
2025-09-19 08:01:04,373 - __main__ - INFO - Test - Subgenre Chiller vibe goa: 140 triplets from 10 tracks
2025-09-19 08:01:04,374 - __main__ - INFO - Test - Subgenre Dark Techno: 238 triplets from 17 tracks
2025-09-19 08:01:04,374 - __main__ - INFO - Test - Subgenre Emotional Techno: 210 triplets from 15 tracks
2025-09-19 08:01:04,375 - __main__ - INFO - Test - Subgenre Party Goa: 168 triplets from 12 tracks
2025-09-19 08:01:04,375 - __main__ - INFO - Test - Subgenre Party House: 182 triplets from 13 tracks
2025-09-19 08:01:04,376 - __main__ - INFO - Test - Subgenre Zyzz Music: 210 triplets from 15 tracks
2025-09-19 08:01:04,376 - __main__ - INFO - ✓ NO DATA LEAKAGE: 406 unique train tracks, 98 unique test tracks
2025-09-19 08:01:04,376 - __main__ - INFO - Total: 5684 train triplets, 1372 test triplets
2025-09-19 08:01:04,376 - __main__ - INFO - Creating datasets...
2025-09-19 08:01:04,441 - __main__ - INFO - Initialized dataset (train) with 5684 triplets (resample_train_samples=False)
2025-09-19 08:01:04,457 - __main__ - INFO - Initialized dataset (test) with 1372 triplets (resample_train_samples=False)
2025-09-19 08:01:04,457 - __main__ - INFO - Initializing model...
2025-09-19 08:01:04,457 - __main__ - INFO - Using device: cuda
2025-09-19 08:01:04,457 - __main__ - INFO - Loading pretrained model: MIT/ast-finetuned-audioset-10-10-0.4593
2025-09-19 08:01:06,603 - __main__ - INFO - MLP Projection Head Architecture: 768 -> 512 -> 128
2025-09-19 08:01:06,603 - __main__ - INFO -   Activation: relu, Dropout: 0.15
2025-09-19 08:01:06,603 - __main__ - INFO -   Total parameters: 459,392
2025-09-19 08:01:06,603 - __main__ - INFO - Model initialized with projection to 128D
2025-09-19 08:01:06,603 - __main__ - INFO - Margin scheduling: 0.5 → 0.5 over 1 epochs
2025-09-19 08:01:06,603 - __main__ - INFO - Negative mining: none
2025-09-19 08:01:06,822 - __main__ - INFO - Using custom dual-group optimizer with sophisticated LR scheduling
2025-09-19 08:01:06,822 - lr_scheduler - INFO - Parameter groups created:
2025-09-19 08:01:06,823 - lr_scheduler - INFO -   Base parameters: 199 tensors
2025-09-19 08:01:06,823 - lr_scheduler - INFO -   Head parameters: 4 tensors
2025-09-19 08:01:06,823 - lr_scheduler - INFO - Dual group optimizer created:
2025-09-19 08:01:06,823 - lr_scheduler - INFO -   Base LR: 2.00e-05
2025-09-19 08:01:06,823 - lr_scheduler - INFO -   Head LR: 2.00e-05 (1.0x multiplier)
2025-09-19 08:01:06,823 - __main__ - INFO - Precision summary -> bf16=True, fp16=False, tf32=True
2025-09-19 08:01:06,848 - __main__ - INFO - Early stopping enabled: patience=3, min_delta=0.01, post_resample_grace=2
2025-09-19 08:01:06,848 - lr_scheduler - INFO - PyTorch LambdaLR scheduler created:
2025-09-19 08:01:06,848 - lr_scheduler - INFO -   Base LR: 2.00e-05
2025-09-19 08:01:06,848 - lr_scheduler - INFO -   Head LR multiplier: 1.0x
2025-09-19 08:01:06,848 - lr_scheduler - INFO -   Multiplier converges to 1.0 at epoch 1
2025-09-19 08:01:06,848 - lr_scheduler - INFO -   Warmup steps: 79 (10.0%)
2025-09-19 08:01:06,848 - lr_scheduler - INFO -   Total steps: 790
2025-09-19 08:01:06,848 - lr_scheduler - INFO -   Min LR: 1.00e-07
2025-09-19 08:01:06,848 - lr_scheduler - INFO -   Scheduler type: Linear
2025-09-19 08:01:06,848 - __main__ - INFO - PyTorch LambdaLR scheduler created with 790 total steps, 79 steps/epoch
2025-09-19 08:01:06,858 - __main__ - INFO - Training setup:
2025-09-19 08:01:06,858 - __main__ - INFO -   - Train samples: 5684
2025-09-19 08:01:06,858 - __main__ - INFO -   - Test samples: 1372
2025-09-19 08:01:06,858 - __main__ - INFO -   - Batch size: 24
2025-09-19 08:01:06,858 - __main__ - INFO -   - Gradient accumulation: 3
2025-09-19 08:01:06,858 - __main__ - INFO -   - Effective batch size: 72
2025-09-19 08:01:06,858 - __main__ - INFO -   - Steps per epoch: 79
2025-09-19 08:01:06,858 - __main__ - INFO -   - Total epochs: 10
2025-09-19 08:01:06,858 - __main__ - INFO -   - Estimated total steps: 790
2025-09-19 08:01:06,858 - __main__ - INFO - Performing initial evaluation to establish baseline...
2025-09-19 08:01:28,655 - __main__ - INFO - Evaluation - Epoch 0, Step 0: eval_loss=0.4906, eval_accuracy=0.595, Elapsed: 0.0s
2025-09-19 08:01:28,655 - __main__ - INFO - Starting training...
2025-09-19 08:01:28,849 - __main__ - INFO - Using stratified batch sampling for training
2025-09-19 08:01:28,851 - __main__ - INFO - Stratified batching: 7 subgenres, 2 guaranteed per subgenre, 10 random slots per batch
2025-09-19 08:01:28,858 - __main__ - INFO - Training started at 2025-09-19 08:01:28
2025-09-19 08:01:28,858 - __main__ - INFO - Epoch 0: Using margin 0.500
{'eval_accuracy': 0.5947521865889213, 'eval_loss': 0.49055206775665283}
{'loss': 0.3248, 'grad_norm': 1.7806518077850342, 'learning_rate': 2e-05, 'epoch': 1.0}
2025-09-19 08:05:57,788 - __main__ - INFO - Evaluation - Epoch 1.0, Step 79: eval_loss=0.2246, eval_accuracy=0.819, Elapsed: 4m 28.9s
2025-09-19 08:05:57,789 - __main__ - INFO - Epoch 1: Using margin 0.500
{'eval_accuracy': 0.8192419825072886, 'eval_loss': 0.2245790958404541, 'epoch': 1.0}
{'loss': 0.0759, 'grad_norm': 1.0771007537841797, 'learning_rate': 1.7777777777777777e-05, 'epoch': 2.0}
2025-09-19 08:10:22,318 - __main__ - INFO - Evaluation - Epoch 2.0, Step 158: eval_loss=0.2125, eval_accuracy=0.819, Elapsed: 8m 53.5s
2025-09-19 08:10:22,319 - __main__ - INFO - Epoch 2: Using margin 0.500
{'eval_accuracy': 0.8185131195335277, 'eval_loss': 0.21252496540546417, 'epoch': 2.0}
{'loss': 0.0335, 'grad_norm': 0.7210975289344788, 'learning_rate': 1.555555555555556e-05, 'epoch': 3.0}
2025-09-19 08:14:45,980 - __main__ - INFO - Evaluation - Epoch 3.0, Step 237: eval_loss=0.2137, eval_accuracy=0.818, Elapsed: 13m 17.1s
2025-09-19 08:14:45,980 - __main__ - INFO - Epoch 3: Using margin 0.500
{'eval_accuracy': 0.8177842565597667, 'eval_loss': 0.21368207037448883, 'epoch': 3.0}
{'loss': 0.0219, 'grad_norm': 0.8988866209983826, 'learning_rate': 1.3333333333333337e-05, 'epoch': 4.0}
2025-09-19 08:19:09,372 - __main__ - INFO - Evaluation - Epoch 4.0, Step 316: eval_loss=0.2021, eval_accuracy=0.837, Elapsed: 17m 40.5s
2025-09-19 08:19:09,373 - __main__ - INFO - Epoch 4: Using margin 0.500
{'eval_accuracy': 0.8367346938775511, 'eval_loss': 0.20212304592132568, 'epoch': 4.0}
{'loss': 0.009, 'grad_norm': 0.45475977659225464, 'learning_rate': 1.1111111111111113e-05, 'epoch': 5.0}
2025-09-19 08:23:33,132 - __main__ - INFO - Evaluation - Epoch 5.0, Step 395: eval_loss=0.2041, eval_accuracy=0.829, Elapsed: 22m 4.3s
2025-09-19 08:23:33,133 - __main__ - INFO - Epoch 5: Using margin 0.500
{'eval_accuracy': 0.8287172011661808, 'eval_loss': 0.20408222079277039, 'epoch': 5.0}
{'loss': 0.0049, 'grad_norm': 0.7189409732818604, 'learning_rate': 8.888888888888888e-06, 'epoch': 6.0}
2025-09-19 08:27:56,029 - __main__ - INFO - Evaluation - Epoch 6.0, Step 474: eval_loss=0.2020, eval_accuracy=0.834, Elapsed: 26m 27.2s
2025-09-19 08:27:56,030 - __main__ - INFO - Epoch 6: Using margin 0.500
{'eval_accuracy': 0.8338192419825073, 'eval_loss': 0.2020469456911087, 'epoch': 6.0}
{'loss': 0.0024, 'grad_norm': 0.41678744554519653, 'learning_rate': 6.666666666666668e-06, 'epoch': 7.0}
2025-09-19 08:32:19,244 - __main__ - INFO - Evaluation - Epoch 7.0, Step 553: eval_loss=0.2059, eval_accuracy=0.827, Elapsed: 30m 50.4s
2025-09-19 08:32:19,244 - __main__ - INFO - Epoch 7: Using margin 0.500
{'eval_accuracy': 0.827259475218659, 'eval_loss': 0.20591005682945251, 'epoch': 7.0}
{'loss': 0.0018, 'grad_norm': 0.6139784455299377, 'learning_rate': 4.444444444444444e-06, 'epoch': 8.0}
2025-09-19 08:36:42,274 - __main__ - INFO - Evaluation - Epoch 8.0, Step 632: eval_loss=0.1985, eval_accuracy=0.844, Elapsed: 35m 13.4s
2025-09-19 08:36:42,274 - __main__ - INFO - Epoch 8: Using margin 0.500
{'eval_accuracy': 0.8440233236151603, 'eval_loss': 0.1985122263431549, 'epoch': 8.0}
{'loss': 0.0018, 'grad_norm': 0.0, 'learning_rate': 2.2222222222222233e-06, 'epoch': 9.0}
2025-09-19 08:41:05,412 - __main__ - INFO - Evaluation - Epoch 9.0, Step 711: eval_loss=0.2026, eval_accuracy=0.832, Elapsed: 39m 36.6s
2025-09-19 08:41:05,413 - __main__ - INFO - Epoch 9: Using margin 0.500
{'eval_accuracy': 0.8323615160349854, 'eval_loss': 0.20259016752243042, 'epoch': 9.0}
{'loss': 0.0014, 'grad_norm': 0.29625973105430603, 'learning_rate': 1e-07, 'epoch': 10.0}
2025-09-19 08:45:29,048 - __main__ - INFO - Evaluation - Epoch 10.0, Step 790: eval_loss=0.2052, eval_accuracy=0.832, Elapsed: 44m 0.2s
2025-09-19 08:45:29,051 - __main__ - INFO - Training completed! Total training time: 44m 0.2s
2025-09-19 08:45:29,051 - __main__ - INFO - Training ended at 2025-09-19 08:45:29
2025-09-19 08:45:29,051 - __main__ - INFO - [EarlyStopping] Training completed normally with final best accuracy: -inf
2025-09-19 08:45:29,051 - __main__ - INFO - Saving model and artifacts...
2025-09-19 08:45:30,174 - __main__ - INFO - Model saved to run_20250919_080104/model.safetensors
2025-09-19 08:45:30,175 - __main__ - INFO - Configuration saved to run_20250919_080104/config.json
2025-09-19 08:45:30,202 - __main__ - INFO - Splits saved to run_20250919_080104/splits.json
2025-09-19 08:45:30,202 - __main__ - INFO - All training artifacts saved to run_20250919_080104
2025-09-19 08:45:30,202 - __main__ - INFO - Training completed successfully! Training time: 44m 0.4s | Results saved to: run_20250919_080104
{'eval_accuracy': 0.8323615160349854, 'eval_loss': 0.20516437292099, 'epoch': 10.0}
{'train_runtime': 2640.1922, 'train_samples_per_second': 21.529, 'train_steps_per_second': 0.299, 'train_loss': 0.047739215996823736, 'epoch': 10.0}
[INFO] Collecting artifacts to /homes/nnebeling/thesis/runs/ast-a40.162943 ...
  -> copying run_20250919_080104
  -> skipping ast_triplet_output (empty directory)
  -> skipping logs (empty directory)
[DONE] Everything copied to: /homes/nnebeling/thesis/runs/ast-a40.162943
Job runtime: 2687 seconds (00:44:47)
