[INFO] SLURM_JOB_TMP is: /local/slurmjobs/162850
[INFO] Using GPU: 0
[INFO] Staging archive to node SSD...
'/homes/nnebeling/thesis/precomputed_AST_7G.zip' -> '/local/slurmjobs/162850/precomputed_AST_7G.zip'
[INFO] Unpacking on SSD...
[OK] Unpacked. Top-level contents:
.
precomputed_AST_7G
precomputed_AST_7G/Chill House
precomputed_AST_7G/Zyzz Music
precomputed_AST_7G/Emotional Techno
precomputed_AST_7G/Party House
precomputed_AST_7G/Chiller vibe goa
precomputed_AST_7G/Dark Techno
precomputed_AST_7G/Party Goa
[INFO] Starting training...
2025-09-18 13:13:02,947 - __main__ - INFO - Loading configuration...
2025-09-18 13:13:02,949 - __main__ - INFO - set_float32_matmul_precision=high
2025-09-18 13:13:02,949 - __main__ - INFO - TF32: matmul=True, cudnn=True
2025-09-18 13:13:03,340 - __main__ - INFO - Experiment: Best Parameter Setup, Optimizing dataset size
2025-09-18 13:13:03,340 - __main__ - INFO - Description: Trying 1x12
2025-09-18 13:13:03,346 - __main__ - INFO - Random seeds set to 13
2025-09-18 13:13:03,346 - __main__ - INFO - Loading data splits...
2025-09-18 13:13:03,346 - __main__ - INFO - Generating train/test splits from preprocessed features
2025-09-18 13:13:03,346 - __main__ - INFO - Generating track-level splits to prevent data leakage...
2025-09-18 13:13:03,348 - __main__ - INFO - Subgenre Chill House: 81 tracks, 243 chunks total
2025-09-18 13:13:03,349 - __main__ - INFO - Subgenre Chiller vibe goa: 54 tracks, 162 chunks total
2025-09-18 13:13:03,351 - __main__ - INFO - Subgenre Dark Techno: 86 tracks, 258 chunks total
2025-09-18 13:13:03,352 - __main__ - INFO - Subgenre Emotional Techno: 75 tracks, 225 chunks total
2025-09-18 13:13:03,353 - __main__ - INFO - Subgenre Party Goa: 62 tracks, 186 chunks total
2025-09-18 13:13:03,355 - __main__ - INFO - Subgenre Party House: 69 tracks, 207 chunks total
2025-09-18 13:13:03,356 - __main__ - INFO - Subgenre Zyzz Music: 77 tracks, 231 chunks total
2025-09-18 13:13:03,356 - __main__ - INFO - Subgenre Chill House: 65 train tracks, 16 test tracks
2025-09-18 13:13:03,357 - __main__ - INFO - Subgenre Chiller vibe goa: 44 train tracks, 10 test tracks
2025-09-18 13:13:03,357 - __main__ - INFO - Subgenre Dark Techno: 69 train tracks, 17 test tracks
2025-09-18 13:13:03,357 - __main__ - INFO - Subgenre Emotional Techno: 60 train tracks, 15 test tracks
2025-09-18 13:13:03,357 - __main__ - INFO - Subgenre Party Goa: 50 train tracks, 12 test tracks
2025-09-18 13:13:03,357 - __main__ - INFO - Subgenre Party House: 56 train tracks, 13 test tracks
2025-09-18 13:13:03,357 - __main__ - INFO - Subgenre Zyzz Music: 62 train tracks, 15 test tracks
2025-09-18 13:13:03,357 - __main__ - INFO - Generating training triplets from train tracks...
2025-09-18 13:13:03,357 - __main__ - INFO - Train triplet generation config:
2025-09-18 13:13:03,357 - __main__ - INFO -   Max positive tracks per anchor: 12
2025-09-18 13:13:03,357 - __main__ - INFO -   Triplets per positive track: 1
2025-09-18 13:13:03,357 - __main__ - INFO -   Expected triplets per anchor: ~12
2025-09-18 13:13:03,362 - __main__ - INFO - Train - Subgenre Chill House: 2340 triplets from 65 tracks
2025-09-18 13:13:03,365 - __main__ - INFO - Train - Subgenre Chiller vibe goa: 1584 triplets from 44 tracks
2025-09-18 13:13:03,371 - __main__ - INFO - Train - Subgenre Dark Techno: 2484 triplets from 69 tracks
2025-09-18 13:13:03,375 - __main__ - INFO - Train - Subgenre Emotional Techno: 2160 triplets from 60 tracks
2025-09-18 13:13:03,379 - __main__ - INFO - Train - Subgenre Party Goa: 1800 triplets from 50 tracks
2025-09-18 13:13:03,383 - __main__ - INFO - Train - Subgenre Party House: 2016 triplets from 56 tracks
2025-09-18 13:13:03,388 - __main__ - INFO - Train - Subgenre Zyzz Music: 2232 triplets from 62 tracks
2025-09-18 13:13:03,388 - __main__ - INFO - Generating test triplets from test tracks...
2025-09-18 13:13:03,388 - __main__ - INFO - Test triplet generation config:
2025-09-18 13:13:03,388 - __main__ - INFO -   Max positive tracks per anchor: 12
2025-09-18 13:13:03,388 - __main__ - INFO -   Triplets per positive track: 1
2025-09-18 13:13:03,388 - __main__ - INFO -   Expected triplets per anchor: ~12
2025-09-18 13:13:03,389 - __main__ - INFO - Test - Subgenre Chill House: 576 triplets from 16 tracks
2025-09-18 13:13:03,390 - __main__ - INFO - Test - Subgenre Chiller vibe goa: 270 triplets from 10 tracks
2025-09-18 13:13:03,391 - __main__ - INFO - Test - Subgenre Dark Techno: 612 triplets from 17 tracks
2025-09-18 13:13:03,392 - __main__ - INFO - Test - Subgenre Emotional Techno: 540 triplets from 15 tracks
2025-09-18 13:13:03,393 - __main__ - INFO - Test - Subgenre Party Goa: 396 triplets from 12 tracks
2025-09-18 13:13:03,394 - __main__ - INFO - Test - Subgenre Party House: 468 triplets from 13 tracks
2025-09-18 13:13:03,395 - __main__ - INFO - Test - Subgenre Zyzz Music: 540 triplets from 15 tracks
2025-09-18 13:13:03,395 - __main__ - INFO - ✓ NO DATA LEAKAGE: 406 unique train tracks, 98 unique test tracks
2025-09-18 13:13:03,395 - __main__ - INFO - Total: 14616 train triplets, 3402 test triplets
2025-09-18 13:13:03,396 - __main__ - INFO - Creating datasets...
2025-09-18 13:13:03,570 - __main__ - INFO - Initialized dataset (train) with 14616 triplets (resample_train_samples=False)
2025-09-18 13:13:03,609 - __main__ - INFO - Initialized dataset (test) with 3402 triplets (resample_train_samples=False)
2025-09-18 13:13:03,609 - __main__ - INFO - Initializing model...
2025-09-18 13:13:03,609 - __main__ - INFO - Using device: cuda
2025-09-18 13:13:03,609 - __main__ - INFO - Loading pretrained model: MIT/ast-finetuned-audioset-10-10-0.4593
2025-09-18 13:13:05,670 - __main__ - INFO - MLP Projection Head Architecture: 768 -> 512 -> 128
2025-09-18 13:13:05,670 - __main__ - INFO -   Activation: relu, Dropout: 0.15
2025-09-18 13:13:05,670 - __main__ - INFO -   Total parameters: 459,392
2025-09-18 13:13:05,670 - __main__ - INFO - Model initialized with projection to 128D
2025-09-18 13:13:05,670 - __main__ - INFO - Margin scheduling: 0.5 → 0.5 over 1 epochs
2025-09-18 13:13:05,670 - __main__ - INFO - Negative mining: none
2025-09-18 13:13:05,954 - __main__ - INFO - Using custom dual-group optimizer with sophisticated LR scheduling
2025-09-18 13:13:05,955 - lr_scheduler - INFO - Parameter groups created:
2025-09-18 13:13:05,955 - lr_scheduler - INFO -   Base parameters: 199 tensors
2025-09-18 13:13:05,955 - lr_scheduler - INFO -   Head parameters: 4 tensors
2025-09-18 13:13:05,955 - lr_scheduler - INFO - Dual group optimizer created:
2025-09-18 13:13:05,955 - lr_scheduler - INFO -   Base LR: 2.00e-05
2025-09-18 13:13:05,955 - lr_scheduler - INFO -   Head LR: 2.00e-05 (1.0x multiplier)
2025-09-18 13:13:05,955 - __main__ - INFO - Precision summary -> bf16=True, fp16=False, tf32=True
2025-09-18 13:13:05,988 - __main__ - INFO - Early stopping disabled
2025-09-18 13:13:05,988 - lr_scheduler - INFO - PyTorch LambdaLR scheduler created:
2025-09-18 13:13:05,988 - lr_scheduler - INFO -   Base LR: 2.00e-05
2025-09-18 13:13:05,988 - lr_scheduler - INFO -   Head LR multiplier: 1.0x
2025-09-18 13:13:05,988 - lr_scheduler - INFO -   Multiplier converges to 1.0 at epoch 1
2025-09-18 13:13:05,988 - lr_scheduler - INFO -   Warmup steps: 101 (10.0%)
2025-09-18 13:13:05,988 - lr_scheduler - INFO -   Total steps: 1015
2025-09-18 13:13:05,988 - lr_scheduler - INFO -   Min LR: 1.00e-07
2025-09-18 13:13:05,988 - lr_scheduler - INFO -   Scheduler type: Linear
2025-09-18 13:13:05,988 - __main__ - INFO - PyTorch LambdaLR scheduler created with 1015 total steps, 203 steps/epoch
2025-09-18 13:13:05,999 - __main__ - INFO - Training setup:
2025-09-18 13:13:05,999 - __main__ - INFO -   - Train samples: 14616
2025-09-18 13:13:05,999 - __main__ - INFO -   - Test samples: 3402
2025-09-18 13:13:05,999 - __main__ - INFO -   - Batch size: 24
2025-09-18 13:13:05,999 - __main__ - INFO -   - Gradient accumulation: 3
2025-09-18 13:13:05,999 - __main__ - INFO -   - Effective batch size: 72
2025-09-18 13:13:05,999 - __main__ - INFO -   - Steps per epoch: 203
2025-09-18 13:13:05,999 - __main__ - INFO -   - Total epochs: 5
2025-09-18 13:13:05,999 - __main__ - INFO -   - Estimated total steps: 1015
2025-09-18 13:13:05,999 - __main__ - INFO - Performing initial evaluation to establish baseline...
2025-09-18 13:13:57,954 - __main__ - INFO - Evaluation - Epoch 0, Step 0: eval_loss=0.4865, eval_accuracy=0.626, Elapsed: 0.0s
2025-09-18 13:13:57,956 - __main__ - INFO - Starting training...
2025-09-18 13:13:58,351 - __main__ - INFO - Using stratified batch sampling for training
2025-09-18 13:13:58,355 - __main__ - INFO - Stratified batching: 7 subgenres, 2 guaranteed per subgenre, 10 random slots per batch
2025-09-18 13:13:58,363 - __main__ - INFO - Training started at 2025-09-18 13:13:58
2025-09-18 13:13:58,363 - __main__ - INFO - Epoch 0: Using margin 0.500
{'eval_accuracy': 0.6258083480305703, 'eval_loss': 0.4865264892578125}
{'loss': 0.2225, 'grad_norm': 1.3062288761138916, 'learning_rate': 1.776805251641138e-05, 'epoch': 1.0}
2025-09-18 13:25:21,198 - __main__ - INFO - Evaluation - Epoch 1.0, Step 203: eval_loss=0.1943, eval_accuracy=0.836, Elapsed: 11m 22.8s
2025-09-18 13:25:23,283 - __main__ - INFO - Epoch 1: Using margin 0.500
{'eval_accuracy': 0.8362727807172252, 'eval_loss': 0.19428607821464539, 'epoch': 1.0}
{'loss': 0.0402, 'grad_norm': 1.6241950988769531, 'learning_rate': 1.3326039387308533e-05, 'epoch': 2.0}
2025-09-18 13:36:36,856 - __main__ - INFO - Evaluation - Epoch 2.0, Step 406: eval_loss=0.2138, eval_accuracy=0.821, Elapsed: 22m 38.5s
2025-09-18 13:36:39,005 - __main__ - INFO - Epoch 2: Using margin 0.500
{'eval_accuracy': 0.8206937095825985, 'eval_loss': 0.21377308666706085, 'epoch': 2.0}
{'loss': 0.0114, 'grad_norm': 0.0, 'learning_rate': 8.88402625820569e-06, 'epoch': 3.0}
2025-09-18 13:47:51,558 - __main__ - INFO - Evaluation - Epoch 3.0, Step 609: eval_loss=0.2196, eval_accuracy=0.820, Elapsed: 33m 53.2s
2025-09-18 13:47:53,348 - __main__ - INFO - Epoch 3: Using margin 0.500
{'eval_accuracy': 0.8203997648442093, 'eval_loss': 0.21961000561714172, 'epoch': 3.0}
{'loss': 0.0025, 'grad_norm': 0.0, 'learning_rate': 4.442013129102845e-06, 'epoch': 4.0}
2025-09-18 13:59:05,497 - __main__ - INFO - Evaluation - Epoch 4.0, Step 812: eval_loss=0.2145, eval_accuracy=0.826, Elapsed: 45m 7.1s
2025-09-18 13:59:07,404 - __main__ - INFO - Epoch 4: Using margin 0.500
{'eval_accuracy': 0.8256907701352145, 'eval_loss': 0.21446552872657776, 'epoch': 4.0}
{'loss': 0.0012, 'grad_norm': 0.0, 'learning_rate': 1e-07, 'epoch': 5.0}
2025-09-18 14:10:20,522 - __main__ - INFO - Evaluation - Epoch 5.0, Step 1015: eval_loss=0.2122, eval_accuracy=0.826, Elapsed: 56m 22.2s
2025-09-18 14:10:22,483 - __main__ - INFO - Training completed! Total training time: 56m 24.1s
2025-09-18 14:10:22,483 - __main__ - INFO - Training ended at 2025-09-18 14:10:22
2025-09-18 14:10:22,483 - __main__ - INFO - Saving model and artifacts...
2025-09-18 14:10:23,293 - __main__ - INFO - Model saved to run_20250918_131303/model.safetensors
2025-09-18 14:10:23,294 - __main__ - INFO - Configuration saved to run_20250918_131303/config.json
2025-09-18 14:10:23,360 - __main__ - INFO - Splits saved to run_20250918_131303/splits.json
2025-09-18 14:10:23,360 - __main__ - INFO - All training artifacts saved to run_20250918_131303
2025-09-18 14:10:23,360 - __main__ - INFO - Training completed successfully! Training time: 56m 24.5s | Results saved to: run_20250918_131303
{'eval_accuracy': 0.8256907701352145, 'eval_loss': 0.2122029960155487, 'epoch': 5.0}
{'train_runtime': 3384.1191, 'train_samples_per_second': 21.595, 'train_steps_per_second': 0.3, 'train_loss': 0.055564400612427095, 'epoch': 5.0}
[INFO] Collecting artifacts to /homes/nnebeling/thesis/runs/ast-a40.162850 ...
  -> copying run_20250918_131303
  -> skipping ast_triplet_output (empty directory)
  -> skipping logs (empty directory)
[DONE] Everything copied to: /homes/nnebeling/thesis/runs/ast-a40.162850
Job runtime: 3467 seconds (00:57:47)
