[INFO] SLURM_JOB_TMP is: /local/slurmjobs/162987
[INFO] Using GPU: 0
[INFO] Staging archive to node SSD...
'/homes/nnebeling/thesis/precomputed_7G_2Chunk.zip' -> '/local/slurmjobs/162987/precomputed_7G_2Chunk.zip'
[INFO] Unpacking on SSD...
[OK] Unpacked. Top-level contents:
.
precomputed_7G_2Chunk
precomputed_7G_2Chunk/Party House
precomputed_7G_2Chunk/Party Goa
precomputed_7G_2Chunk/Dark Techno
precomputed_7G_2Chunk/Zyzz Music
precomputed_7G_2Chunk/Chill House
precomputed_7G_2Chunk/Emotional Techno
precomputed_7G_2Chunk/Chiller vibe goa
[INFO] Starting training...
2025-09-19 15:47:34,288 - __main__ - INFO - Loading configuration...
2025-09-19 15:47:34,290 - __main__ - INFO - set_float32_matmul_precision=high
2025-09-19 15:47:34,290 - __main__ - INFO - TF32: matmul=True, cudnn=True
2025-09-19 15:47:34,684 - __main__ - INFO - Experiment: Testing 2 chunks per track
2025-09-19 15:47:34,684 - __main__ - INFO - Description: Dataset size 4x4
2025-09-19 15:47:34,685 - __main__ - INFO - Random seeds set to 13
2025-09-19 15:47:34,685 - __main__ - INFO - Loading data splits...
2025-09-19 15:47:34,685 - __main__ - INFO - Generating train/test splits from preprocessed features
2025-09-19 15:47:34,685 - __main__ - INFO - Generating track-level splits to prevent data leakage...
2025-09-19 15:47:34,687 - __main__ - INFO - Subgenre Chill House: 81 tracks, 162 chunks total
2025-09-19 15:47:34,688 - __main__ - INFO - Subgenre Chiller vibe goa: 54 tracks, 108 chunks total
2025-09-19 15:47:34,689 - __main__ - INFO - Subgenre Dark Techno: 86 tracks, 172 chunks total
2025-09-19 15:47:34,690 - __main__ - INFO - Subgenre Emotional Techno: 75 tracks, 150 chunks total
2025-09-19 15:47:34,691 - __main__ - INFO - Subgenre Party Goa: 62 tracks, 124 chunks total
2025-09-19 15:47:34,691 - __main__ - INFO - Subgenre Party House: 69 tracks, 138 chunks total
2025-09-19 15:47:34,693 - __main__ - INFO - Subgenre Zyzz Music: 77 tracks, 154 chunks total
2025-09-19 15:47:34,693 - __main__ - INFO - Subgenre Chill House: 65 train tracks, 16 test tracks
2025-09-19 15:47:34,693 - __main__ - INFO - Subgenre Chiller vibe goa: 44 train tracks, 10 test tracks
2025-09-19 15:47:34,693 - __main__ - INFO - Subgenre Dark Techno: 69 train tracks, 17 test tracks
2025-09-19 15:47:34,693 - __main__ - INFO - Subgenre Emotional Techno: 60 train tracks, 15 test tracks
2025-09-19 15:47:34,693 - __main__ - INFO - Subgenre Party Goa: 50 train tracks, 12 test tracks
2025-09-19 15:47:34,693 - __main__ - INFO - Subgenre Party House: 56 train tracks, 13 test tracks
2025-09-19 15:47:34,693 - __main__ - INFO - Subgenre Zyzz Music: 62 train tracks, 15 test tracks
2025-09-19 15:47:34,693 - __main__ - INFO - Generating training triplets from train tracks...
2025-09-19 15:47:34,693 - __main__ - INFO - Train triplet generation config:
2025-09-19 15:47:34,693 - __main__ - INFO -   Max positive tracks per anchor: 4
2025-09-19 15:47:34,693 - __main__ - INFO -   Triplets per positive track: 3
2025-09-19 15:47:34,693 - __main__ - INFO -   Expected triplets per anchor: ~12
2025-09-19 15:47:34,695 - __main__ - INFO - Train - Subgenre Chill House: 1040 triplets from 65 tracks
2025-09-19 15:47:34,697 - __main__ - INFO - Train - Subgenre Chiller vibe goa: 704 triplets from 44 tracks
2025-09-19 15:47:34,699 - __main__ - INFO - Train - Subgenre Dark Techno: 1104 triplets from 69 tracks
2025-09-19 15:47:34,701 - __main__ - INFO - Train - Subgenre Emotional Techno: 960 triplets from 60 tracks
2025-09-19 15:47:34,702 - __main__ - INFO - Train - Subgenre Party Goa: 800 triplets from 50 tracks
2025-09-19 15:47:34,704 - __main__ - INFO - Train - Subgenre Party House: 896 triplets from 56 tracks
2025-09-19 15:47:34,706 - __main__ - INFO - Train - Subgenre Zyzz Music: 992 triplets from 62 tracks
2025-09-19 15:47:34,706 - __main__ - INFO - Generating test triplets from test tracks...
2025-09-19 15:47:34,706 - __main__ - INFO - Test triplet generation config:
2025-09-19 15:47:34,706 - __main__ - INFO -   Max positive tracks per anchor: 4
2025-09-19 15:47:34,706 - __main__ - INFO -   Triplets per positive track: 3
2025-09-19 15:47:34,706 - __main__ - INFO -   Expected triplets per anchor: ~12
2025-09-19 15:47:34,707 - __main__ - INFO - Test - Subgenre Chill House: 256 triplets from 16 tracks
2025-09-19 15:47:34,707 - __main__ - INFO - Test - Subgenre Chiller vibe goa: 160 triplets from 10 tracks
2025-09-19 15:47:34,708 - __main__ - INFO - Test - Subgenre Dark Techno: 272 triplets from 17 tracks
2025-09-19 15:47:34,708 - __main__ - INFO - Test - Subgenre Emotional Techno: 240 triplets from 15 tracks
2025-09-19 15:47:34,708 - __main__ - INFO - Test - Subgenre Party Goa: 192 triplets from 12 tracks
2025-09-19 15:47:34,709 - __main__ - INFO - Test - Subgenre Party House: 208 triplets from 13 tracks
2025-09-19 15:47:34,709 - __main__ - INFO - Test - Subgenre Zyzz Music: 240 triplets from 15 tracks
2025-09-19 15:47:34,710 - __main__ - INFO - ✓ NO DATA LEAKAGE: 406 unique train tracks, 98 unique test tracks
2025-09-19 15:47:34,710 - __main__ - INFO - Total: 6496 train triplets, 1568 test triplets
2025-09-19 15:47:34,710 - __main__ - INFO - Creating datasets...
2025-09-19 15:47:34,783 - __main__ - INFO - Initialized dataset (train) with 6496 triplets (resample_train_samples=False)
2025-09-19 15:47:34,801 - __main__ - INFO - Initialized dataset (test) with 1568 triplets (resample_train_samples=False)
2025-09-19 15:47:34,801 - __main__ - INFO - Initializing model...
2025-09-19 15:47:34,801 - __main__ - INFO - Using device: cuda
2025-09-19 15:47:34,801 - __main__ - INFO - Loading pretrained model: MIT/ast-finetuned-audioset-10-10-0.4593
2025-09-19 15:47:36,535 - __main__ - INFO - MLP Projection Head Architecture: 768 -> 512 -> 128
2025-09-19 15:47:36,535 - __main__ - INFO -   Activation: relu, Dropout: 0.15
2025-09-19 15:47:36,535 - __main__ - INFO -   Total parameters: 459,392
2025-09-19 15:47:36,535 - __main__ - INFO - Model initialized with projection to 128D
2025-09-19 15:47:36,535 - __main__ - INFO - Margin scheduling: 0.5 → 0.5 over 1 epochs
2025-09-19 15:47:36,535 - __main__ - INFO - Negative mining: none
2025-09-19 15:47:36,812 - __main__ - INFO - Using custom dual-group optimizer with sophisticated LR scheduling
2025-09-19 15:47:36,812 - lr_scheduler - INFO - Parameter groups created:
2025-09-19 15:47:36,812 - lr_scheduler - INFO -   Base parameters: 199 tensors
2025-09-19 15:47:36,812 - lr_scheduler - INFO -   Head parameters: 4 tensors
2025-09-19 15:47:36,813 - lr_scheduler - INFO - Dual group optimizer created:
2025-09-19 15:47:36,813 - lr_scheduler - INFO -   Base LR: 2.00e-05
2025-09-19 15:47:36,813 - lr_scheduler - INFO -   Head LR: 2.00e-05 (1.0x multiplier)
2025-09-19 15:47:36,813 - __main__ - INFO - Precision summary -> bf16=True, fp16=False, tf32=True
2025-09-19 15:47:36,840 - __main__ - INFO - Early stopping enabled: patience=3, min_delta=0.01, post_resample_grace=2
2025-09-19 15:47:36,840 - lr_scheduler - INFO - PyTorch LambdaLR scheduler created:
2025-09-19 15:47:36,840 - lr_scheduler - INFO -   Base LR: 2.00e-05
2025-09-19 15:47:36,840 - lr_scheduler - INFO -   Head LR multiplier: 1.0x
2025-09-19 15:47:36,840 - lr_scheduler - INFO -   Multiplier converges to 1.0 at epoch 1
2025-09-19 15:47:36,840 - lr_scheduler - INFO -   Warmup steps: 91 (10.0%)
2025-09-19 15:47:36,840 - lr_scheduler - INFO -   Total steps: 910
2025-09-19 15:47:36,840 - lr_scheduler - INFO -   Min LR: 1.00e-07
2025-09-19 15:47:36,840 - lr_scheduler - INFO -   Scheduler type: Linear
2025-09-19 15:47:36,840 - __main__ - INFO - PyTorch LambdaLR scheduler created with 910 total steps, 91 steps/epoch
2025-09-19 15:47:36,847 - __main__ - INFO - Training setup:
2025-09-19 15:47:36,847 - __main__ - INFO -   - Train samples: 6496
2025-09-19 15:47:36,847 - __main__ - INFO -   - Test samples: 1568
2025-09-19 15:47:36,847 - __main__ - INFO -   - Batch size: 24
2025-09-19 15:47:36,847 - __main__ - INFO -   - Gradient accumulation: 3
2025-09-19 15:47:36,847 - __main__ - INFO -   - Effective batch size: 72
2025-09-19 15:47:36,847 - __main__ - INFO -   - Steps per epoch: 91
2025-09-19 15:47:36,847 - __main__ - INFO -   - Total epochs: 10
2025-09-19 15:47:36,847 - __main__ - INFO -   - Estimated total steps: 910
2025-09-19 15:47:36,847 - __main__ - INFO - Performing initial evaluation to establish baseline...
2025-09-19 15:48:01,869 - __main__ - INFO - Evaluation - Epoch 0, Step 0: eval_loss=0.4894, eval_accuracy=0.610, Elapsed: 0.0s
2025-09-19 15:48:01,870 - __main__ - INFO - Starting training...
2025-09-19 15:48:02,133 - __main__ - INFO - Using stratified batch sampling for training
2025-09-19 15:48:02,135 - __main__ - INFO - Stratified batching: 7 subgenres, 2 guaranteed per subgenre, 10 random slots per batch
2025-09-19 15:48:02,142 - __main__ - INFO - Training started at 2025-09-19 15:48:02
2025-09-19 15:48:02,142 - __main__ - INFO - Epoch 0: Using margin 0.500
{'eval_accuracy': 0.6096938775510204, 'eval_loss': 0.4894464910030365}
{'loss': 0.3109, 'grad_norm': 0.9659437537193298, 'learning_rate': 2e-05, 'epoch': 1.0}
2025-09-19 15:53:10,400 - __main__ - INFO - Evaluation - Epoch 1.0, Step 91: eval_loss=0.2203, eval_accuracy=0.813, Elapsed: 5m 8.3s
2025-09-19 15:53:10,401 - __main__ - INFO - Epoch 1: Using margin 0.500
{'eval_accuracy': 0.8131377551020408, 'eval_loss': 0.22030635178089142, 'epoch': 1.0}
{'loss': 0.0691, 'grad_norm': 0.21055658161640167, 'learning_rate': 1.7777777777777777e-05, 'epoch': 2.0}
2025-09-19 15:58:12,876 - __main__ - INFO - Evaluation - Epoch 2.0, Step 182: eval_loss=0.1931, eval_accuracy=0.834, Elapsed: 10m 10.7s
2025-09-19 15:58:12,876 - __main__ - INFO - Epoch 2: Using margin 0.500
{'eval_accuracy': 0.8341836734693877, 'eval_loss': 0.19306568801403046, 'epoch': 2.0}
{'loss': 0.0317, 'grad_norm': 0.3871886730194092, 'learning_rate': 1.555555555555556e-05, 'epoch': 3.0}
2025-09-19 16:03:15,380 - __main__ - INFO - Evaluation - Epoch 3.0, Step 273: eval_loss=0.2097, eval_accuracy=0.828, Elapsed: 15m 13.2s
2025-09-19 16:03:15,381 - __main__ - INFO - Epoch 3: Using margin 0.500
{'eval_accuracy': 0.8278061224489796, 'eval_loss': 0.2096807062625885, 'epoch': 3.0}
{'loss': 0.0167, 'grad_norm': 0.0, 'learning_rate': 1.3333333333333337e-05, 'epoch': 4.0}
2025-09-19 16:08:16,647 - __main__ - INFO - Evaluation - Epoch 4.0, Step 364: eval_loss=0.1987, eval_accuracy=0.833, Elapsed: 20m 14.5s
2025-09-19 16:08:16,648 - __main__ - INFO - Epoch 4: Using margin 0.500
{'eval_accuracy': 0.8329081632653061, 'eval_loss': 0.1987091600894928, 'epoch': 4.0}
{'loss': 0.0069, 'grad_norm': 0.0, 'learning_rate': 1.1111111111111113e-05, 'epoch': 5.0}
2025-09-19 16:13:18,447 - __main__ - INFO - Evaluation - Epoch 5.0, Step 455: eval_loss=0.1982, eval_accuracy=0.835, Elapsed: 25m 16.3s
2025-09-19 16:13:18,448 - __main__ - INFO - Epoch 5: Using margin 0.500
{'eval_accuracy': 0.8354591836734694, 'eval_loss': 0.19815334677696228, 'epoch': 5.0}
{'loss': 0.0021, 'grad_norm': 0.0, 'learning_rate': 8.888888888888888e-06, 'epoch': 6.0}
2025-09-19 16:18:19,272 - __main__ - INFO - Evaluation - Epoch 6.0, Step 546: eval_loss=0.1923, eval_accuracy=0.845, Elapsed: 30m 17.1s
2025-09-19 16:18:19,273 - __main__ - INFO - Epoch 6: Using margin 0.500
{'eval_accuracy': 0.8450255102040817, 'eval_loss': 0.19234734773635864, 'epoch': 6.0}
{'loss': 0.0009, 'grad_norm': 0.0, 'learning_rate': 6.666666666666668e-06, 'epoch': 7.0}
2025-09-19 16:23:20,460 - __main__ - INFO - Evaluation - Epoch 7.0, Step 637: eval_loss=0.1897, eval_accuracy=0.847, Elapsed: 35m 18.3s
2025-09-19 16:23:20,461 - __main__ - INFO - Epoch 7: Using margin 0.500
{'eval_accuracy': 0.8469387755102041, 'eval_loss': 0.1896771788597107, 'epoch': 7.0}
{'loss': 0.0006, 'grad_norm': 0.0, 'learning_rate': 4.444444444444444e-06, 'epoch': 8.0}
2025-09-19 16:28:21,606 - __main__ - INFO - Evaluation - Epoch 8.0, Step 728: eval_loss=0.1897, eval_accuracy=0.847, Elapsed: 40m 19.5s
2025-09-19 16:28:21,607 - __main__ - INFO - Epoch 8: Using margin 0.500
{'eval_accuracy': 0.8469387755102041, 'eval_loss': 0.1896505504846573, 'epoch': 8.0}
{'loss': 0.0005, 'grad_norm': 0.0, 'learning_rate': 2.2222222222222233e-06, 'epoch': 9.0}
2025-09-19 16:33:23,111 - __main__ - INFO - Evaluation - Epoch 9.0, Step 819: eval_loss=0.1893, eval_accuracy=0.853, Elapsed: 45m 21.0s
2025-09-19 16:33:23,111 - __main__ - INFO - Epoch 9: Using margin 0.500
{'eval_accuracy': 0.8526785714285714, 'eval_loss': 0.18934676051139832, 'epoch': 9.0}
{'loss': 0.0004, 'grad_norm': 0.2594926655292511, 'learning_rate': 2.4420024420024337e-07, 'epoch': 9.896678966789668}
2025-09-19 16:37:55,710 - __main__ - INFO - Evaluation - Epoch 9.896678966789668, Step 900: eval_loss=0.1851, eval_accuracy=0.856, Elapsed: 49m 53.6s
2025-09-19 16:37:55,712 - __main__ - INFO - Training completed! Total training time: 49m 53.6s
2025-09-19 16:37:55,712 - __main__ - INFO - Training ended at 2025-09-19 16:37:55
2025-09-19 16:37:55,712 - __main__ - INFO - [EarlyStopping] Training completed normally with final best accuracy: -inf
2025-09-19 16:37:55,712 - __main__ - INFO - Saving model and artifacts...
2025-09-19 16:37:56,607 - __main__ - INFO - Model saved to run_20250919_154734/model.safetensors
2025-09-19 16:37:56,608 - __main__ - INFO - Configuration saved to run_20250919_154734/config.json
2025-09-19 16:37:56,638 - __main__ - INFO - Splits saved to run_20250919_154734/splits.json
2025-09-19 16:37:56,638 - __main__ - INFO - All training artifacts saved to run_20250919_154734
2025-09-19 16:37:56,638 - __main__ - INFO - Training completed successfully! Training time: 49m 53.8s | Results saved to: run_20250919_154734
{'eval_accuracy': 0.8558673469387755, 'eval_loss': 0.18514502048492432, 'epoch': 9.896678966789668}
{'train_runtime': 2993.5687, 'train_samples_per_second': 21.7, 'train_steps_per_second': 0.301, 'train_loss': 0.04446160680717892, 'epoch': 9.896678966789668}
[INFO] Collecting artifacts to /homes/nnebeling/thesis/runs/ast-a40.162987 ...
  -> copying run_20250919_154734
  -> skipping ast_triplet_output (empty directory)
  -> skipping logs (empty directory)
[DONE] Everything copied to: /homes/nnebeling/thesis/runs/ast-a40.162987
Job runtime: 3036 seconds (00:50:36)
